[18-04-2024 15:44:38] - Logger Initialized
[18-04-2024 15:44:38] - Application started.
[18-04-2024 15:44:44] - Logger Initialized
[18-04-2024 15:44:44] - Application started.
[18-04-2024 15:46:36] - Logger Initialized
[18-04-2024 15:46:36] - Application started.
[18-04-2024 15:47:29] - Logger Initialized
[18-04-2024 15:47:29] - Application started.
[18-04-2024 15:49:19] - Logger Initialized
[18-04-2024 15:49:19] - Application started.
[18-04-2024 15:49:21] - Application closed.
[18-04-2024 15:53:50] - Logger Initialized.
[18-04-2024 15:53:50] - Application started.
[18-04-2024 15:53:52] - Circle calculator opened.
[18-04-2024 15:53:54] - Circle calculator closed.
[18-04-2024 15:55:07] - Logger Initialized.
[18-04-2024 15:55:07] - Application started.
[18-04-2024 15:55:09] - Circle calculator opened.
[18-04-2024 15:55:10] - Circle calculator closed.
[18-04-2024 15:55:11] - Application closed.
[18-04-2024 15:55:20] - Logger Initialized.
[18-04-2024 15:55:20] - Application started.
[18-04-2024 15:55:21] - Cube calculator opened.
[18-04-2024 15:55:22] - Rectangular prism calculator opened.
[18-04-2024 15:55:23] - Application closed.
[18-04-2024 15:58:42] - Logger Initialized.
[18-04-2024 15:58:42] - Application started.
[18-04-2024 15:58:44] - Cube calculator opened.
[18-04-2024 15:58:44] - Rectangular prism calculator opened.
[18-04-2024 15:58:45] - Application closed.
[18-04-2024 15:59:50] - Logger Initialized.
[18-04-2024 15:59:50] - Application started.
[18-04-2024 15:59:52] - Cone calculator opened.
[18-04-2024 15:59:52] - Cylinder calculator opened.
[18-04-2024 15:59:53] - Application closed.
[18-04-2024 15:59:53] - Cone calculator closed.
[18-04-2024 15:59:53] - Cylinder calculator closed.
[18-04-2024 16:00:29] - Logger Initialized.
[18-04-2024 16:00:29] - Application started.
[18-04-2024 16:00:31] - Cube calculator opened.
[18-04-2024 16:00:36] - Cube calculator closed.
[18-04-2024 16:00:36] - Application closed.
[18-04-2024 16:03:49] - Logger Initialized.
[18-04-2024 16:03:49] - Application started.
[18-04-2024 16:03:51] - Circle button pressed.
[18-04-2024 16:03:51] - Circle calculator opened.
[18-04-2024 16:03:52] - Circle calculator closed.
[18-04-2024 16:03:52] - Application closed.
[18-04-2024 16:06:06] - Logger Initialized.
[18-04-2024 16:06:06] - Application started.
[18-04-2024 16:06:08] - Circle button pressed.
[18-04-2024 16:06:08] - Circle calculator opened.
[18-04-2024 16:06:08] - Triangle button pressed.
[18-04-2024 16:06:08] - Triangle calculator opened.
[18-04-2024 16:06:09] - Square button pressed.
[18-04-2024 16:06:09] - Square calculator opened.
[18-04-2024 16:06:10] - Rectangular Prism button pressed.
[18-04-2024 16:06:10] - Rectangle calculator opened.
[18-04-2024 16:06:10] - Parollelogram button pressed.
[18-04-2024 16:06:10] - Parallelogram calculator opened.
[18-04-2024 16:06:11] - Trapezoid button pressed.
[18-04-2024 16:06:11] - Trapezoid calculator opened.
[18-04-2024 16:06:12] - Cube button pressed.
[18-04-2024 16:06:12] - Cube calculator opened.
[18-04-2024 16:06:12] - Rectangular Prism button pressed.
[18-04-2024 16:06:12] - Rectangular Prism calculator opened.
[18-04-2024 16:06:13] - Cylinder button pressed.
[18-04-2024 16:06:13] - Cylinder calculator opened.
[18-04-2024 16:06:14] - Cone button pressed.
[18-04-2024 16:06:14] - Cone calculator opened.
[18-04-2024 16:06:14] - Sphere button pressed.
[18-04-2024 16:06:14] - Sphere calculator opened.
[18-04-2024 16:06:15] - Hemisphere button pressed.
[18-04-2024 16:06:15] - Hemisphere calculator opened.
[18-04-2024 16:06:16] - Circle calculator closed.
[18-04-2024 16:06:16] - Triangle calculator closed.
[18-04-2024 16:06:16] - Square calculator closed.
[18-04-2024 16:06:16] - Rectangle calculator closed.
[18-04-2024 16:06:16] - Parallelogram calculator closed.
[18-04-2024 16:06:16] - Trapezoid calculator closed.
[18-04-2024 16:06:16] - Cube calculator closed.
[18-04-2024 16:06:16] - Rectangular Prism calculator closed.
[18-04-2024 16:06:16] - Cylinder calculator closed.
[18-04-2024 16:06:16] - Cone calculator closed.
[18-04-2024 16:06:16] - Sphere calculator closed.
[18-04-2024 16:06:16] - Hemisphere calculator closed.
[18-04-2024 16:06:16] - Application closed.
[18-04-2024 16:11:16] - Logger Initialized.
[18-04-2024 16:11:16] - Application opened.
[18-04-2024 16:11:18] - Circle button pressed.
[18-04-2024 16:11:24] - Circle calculator closed.
[18-04-2024 16:11:24] - Application closed.
[18-04-2024 16:12:28] - Logger Initialized.
[18-04-2024 16:12:28] - Application opened.
[18-04-2024 16:12:29] - Circle button pressed.
[18-04-2024 16:12:29] - Circle calculator opened.
[18-04-2024 16:12:32] - Circle calculator closed.
[18-04-2024 16:12:33] - Circle calculator closed.
[18-04-2024 16:12:33] - Application closed.
[18-04-2024 16:13:44] - Logger Initialized.
[18-04-2024 16:13:44] - Application opened.
[18-04-2024 16:13:46] - Circle button pressed.
[18-04-2024 16:13:46] - Circle calculator opened.
[18-04-2024 16:13:49] - Circle calculator closed.
[18-04-2024 16:13:50] - Circle calculator closed.
[18-04-2024 16:13:50] - Application closed.
[18-04-2024 16:13:59] - Logger Initialized.
[18-04-2024 16:13:59] - Application opened.
[18-04-2024 16:14:01] - Circle button pressed.
[18-04-2024 16:14:01] - Circle calculator opened.
[18-04-2024 16:14:07] - Circle calculator closed.
[18-04-2024 16:14:09] - Circle calculator closed.
[18-04-2024 16:14:09] - Application closed.
[18-04-2024 16:16:56] - Logger Initialized.
[18-04-2024 16:16:56] - Application opened.
[18-04-2024 16:16:58] - Cube button pressed.
[18-04-2024 16:16:58] - Cube calculator opened.
[18-04-2024 16:17:04] - Cube calculator closed.
[18-04-2024 16:17:05] - Rectangular Prism button pressed.
[18-04-2024 16:17:05] - Rectangular Prism calculator opened.
[18-04-2024 16:17:06] - Rectangular Prism calculator closed.
[18-04-2024 16:17:07] - Cube calculator closed.
[18-04-2024 16:17:07] - Rectangular Prism calculator closed.
[18-04-2024 16:17:07] - Application closed.
[18-04-2024 16:18:26] - Logger Initialized.
[18-04-2024 16:18:26] - Application opened.
[18-04-2024 16:18:27] - Cube button pressed.
[18-04-2024 16:18:27] - Cube calculator opened.
[18-04-2024 16:18:31] - Cube calculator closed.
[18-04-2024 16:18:33] - Cube calculator closed.
[18-04-2024 16:18:33] - Application closed.
[18-04-2024 16:19:40] - Logger Initialized.
[18-04-2024 16:19:40] - Application opened.
[18-04-2024 16:19:42] - Application closed.
[18-04-2024 16:19:45] - Logger Initialized.
[18-04-2024 16:19:45] - Application opened.
[18-04-2024 16:19:48] - Triangle button pressed.
[18-04-2024 16:19:48] - Triangle calculator opened.
[18-04-2024 16:19:53] - Triangle calculator closed.
[18-04-2024 16:19:54] - Triangle calculator closed.
[18-04-2024 16:19:54] - Application closed.
[18-04-2024 16:20:59] - Logger Initialized.
[18-04-2024 16:20:59] - Application opened.
[18-04-2024 16:21:00] - Triangle button pressed.
[18-04-2024 16:21:00] - Triangle calculator opened.
[18-04-2024 16:21:06] - Triangle calculator closed.
[18-04-2024 16:21:07] - Triangle calculator closed.
[18-04-2024 16:21:07] - Application closed.
[18-04-2024 16:34:15] - Logger Initialized.
[18-04-2024 16:34:15] - Application opened.
[18-04-2024 16:34:16] - Circle button pressed.
[18-04-2024 16:34:16] - Circle calculator opened.
[18-04-2024 16:34:18] - Triangle button pressed.
[18-04-2024 16:34:18] - Triangle calculator opened.
[18-04-2024 16:34:19] - Square button pressed.
[18-04-2024 16:34:19] - Square calculator opened.
[18-04-2024 16:34:20] - Rectangle button pressed.
[18-04-2024 16:34:20] - Rectangle calculator opened.
[18-04-2024 16:34:21] - Parallelogram button pressed.
[18-04-2024 16:34:21] - Parallelogram calculator opened.
[18-04-2024 16:34:23] - Trapezoid button pressed.
[18-04-2024 16:34:23] - Trapezoid calculator opened.
[18-04-2024 16:34:24] - Cube button pressed.
[18-04-2024 16:34:24] - Cube calculator opened.
[18-04-2024 16:34:25] - Rectangular Prism button pressed.
[18-04-2024 16:34:25] - Rectangular Prism calculator opened.
[18-04-2024 16:34:27] - Cylinder button pressed.
[18-04-2024 16:34:27] - Cylinder calculator opened.
[18-04-2024 16:34:28] - Cone button pressed.
[18-04-2024 16:34:28] - Cone calculator opened.
[18-04-2024 16:34:30] - Sphere button pressed.
[18-04-2024 16:34:30] - Sphere calculator opened.
[18-04-2024 16:34:31] - Hemisphere button pressed.
[18-04-2024 16:34:31] - Hemisphere calculator opened.
[18-04-2024 16:34:33] - Circle calculator closed.
[18-04-2024 16:34:33] - Triangle calculator closed.
[18-04-2024 16:34:33] - Square calculator closed.
[18-04-2024 16:34:33] - Rectangle calculator closed.
[18-04-2024 16:34:33] - Parallelogram calculator closed.
[18-04-2024 16:34:33] - Trapezoid calculator closed.
[18-04-2024 16:34:33] - Cube calculator closed.
[18-04-2024 16:34:33] - Rectangular Prism calculator closed.
[18-04-2024 16:34:33] - Cylinder calculator closed.
[18-04-2024 16:34:33] - Cone calculator closed.
[18-04-2024 16:34:33] - Sphere calculator closed.
[18-04-2024 16:34:33] - Hemisphere calculator closed.
[18-04-2024 16:34:33] - Application closed.
[18-04-2024 16:36:10] - Logger Initialized.
[18-04-2024 16:36:10] - Application opened.
[18-04-2024 16:36:11] - Circle button pressed.
[18-04-2024 16:36:11] - Circle calculator opened.
[18-04-2024 16:36:13] - Triangle button pressed.
[18-04-2024 16:36:13] - Triangle calculator opened.
[18-04-2024 16:36:14] - Square button pressed.
[18-04-2024 16:36:14] - Square calculator opened.
[18-04-2024 16:36:15] - Rectangle button pressed.
[18-04-2024 16:36:15] - Rectangle calculator opened.
[18-04-2024 16:36:18] - Trapezoid button pressed.
[18-04-2024 16:36:18] - Trapezoid calculator opened.
[18-04-2024 16:36:20] - Cube button pressed.
[18-04-2024 16:36:20] - Cube calculator opened.
[18-04-2024 16:36:21] - Rectangular Prism button pressed.
[18-04-2024 16:36:21] - Rectangular Prism calculator opened.
[18-04-2024 16:36:23] - Cylinder button pressed.
[18-04-2024 16:36:23] - Cylinder calculator opened.
[18-04-2024 16:36:24] - Cone button pressed.
[18-04-2024 16:36:24] - Cone calculator opened.
[18-04-2024 16:36:25] - Sphere button pressed.
[18-04-2024 16:36:25] - Sphere calculator opened.
[18-04-2024 16:36:25] - Sphere button pressed.
[18-04-2024 16:36:25] - Sphere calculator opened.
[18-04-2024 16:36:26] - Sphere button pressed.
[18-04-2024 16:36:26] - Sphere calculator opened.
[18-04-2024 16:36:26] - Sphere button pressed.
[18-04-2024 16:36:26] - Sphere calculator opened.
[18-04-2024 16:36:27] - Hemisphere button pressed.
[18-04-2024 16:36:27] - Hemisphere calculator opened.
[18-04-2024 16:36:29] - Circle calculator closed.
[18-04-2024 16:36:29] - Triangle calculator closed.
[18-04-2024 16:36:29] - Square calculator closed.
[18-04-2024 16:36:29] - Rectangle calculator closed.
[18-04-2024 16:36:29] - Trapezoid calculator closed.
[18-04-2024 16:36:29] - Cube calculator closed.
[18-04-2024 16:36:29] - Rectangular Prism calculator closed.
[18-04-2024 16:36:29] - Cylinder calculator closed.
[18-04-2024 16:36:29] - Cone calculator closed.
[18-04-2024 16:36:29] - Sphere calculator closed.
[18-04-2024 16:36:29] - Sphere calculator closed.
[18-04-2024 16:36:29] - Sphere calculator closed.
[18-04-2024 16:36:29] - Sphere calculator closed.
[18-04-2024 16:36:29] - Hemisphere calculator closed.
[18-04-2024 16:36:29] - Application closed.
[18-04-2024 16:37:12] - Logger Initialized.
[18-04-2024 16:37:12] - Application opened.
[18-04-2024 16:37:16] - Circle button pressed.
[18-04-2024 16:37:16] - Circle calculator opened.
[18-04-2024 16:37:33] - Circle calculator closed.
[18-04-2024 16:37:34] - Circle calculator closed.
[18-04-2024 16:37:34] - Application closed.
[18-04-2024 16:38:04] - Logger Initialized.
[18-04-2024 16:38:04] - Application opened.
[18-04-2024 16:38:06] - Circle button pressed.
[18-04-2024 16:38:06] - Circle calculator opened.
[18-04-2024 16:38:07] - Triangle button pressed.
[18-04-2024 16:38:07] - Triangle calculator opened.
[18-04-2024 16:38:08] - Triangle calculator closed.
[18-04-2024 16:38:09] - Circle calculator closed.
[18-04-2024 16:38:09] - Triangle calculator closed.
[18-04-2024 16:38:09] - Application closed.
[18-04-2024 16:45:37] - Logger Initialized.
[18-04-2024 16:45:37] - Application opened.
[18-04-2024 16:45:45] - Circle button pressed.
[18-04-2024 16:45:46] - Circle calculator opened.
[18-04-2024 16:45:48] - Triangle button pressed.
[18-04-2024 16:45:48] - Triangle calculator opened.
[18-04-2024 16:45:49] - Square button pressed.
[18-04-2024 16:45:49] - Square calculator opened.
[18-04-2024 16:45:50] - Rectangle button pressed.
[18-04-2024 16:45:50] - Rectangle calculator opened.
[18-04-2024 16:45:51] - Parallelogram button pressed.
[18-04-2024 16:45:51] - Parallelogram calculator opened.
[18-04-2024 16:45:52] - Trapezoid button pressed.
[18-04-2024 16:45:52] - Trapezoid calculator opened.
[18-04-2024 16:45:54] - Circle calculator closed.
[18-04-2024 16:45:54] - Triangle calculator closed.
[18-04-2024 16:45:54] - Square calculator closed.
[18-04-2024 16:45:54] - Rectangle calculator closed.
[18-04-2024 16:45:54] - Parallelogram calculator closed.
[18-04-2024 16:45:54] - Trapezoid calculator closed.
[18-04-2024 16:45:54] - Application closed.
[18-04-2024 16:46:33] - Logger Initialized.
[18-04-2024 16:46:33] - Application opened.
[18-04-2024 16:46:34] - Circle button pressed.
[18-04-2024 16:46:34] - Circle calculator opened.
[18-04-2024 16:46:37] - Circle calculator closed.
[18-04-2024 16:46:38] - Circle calculator closed.
[18-04-2024 16:46:38] - Application closed.
[18-04-2024 16:47:06] - Logger Initialized.
[18-04-2024 16:47:06] - Application opened.
[18-04-2024 16:47:07] - Cube button pressed.
[18-04-2024 16:47:07] - Cube calculator opened.
[18-04-2024 16:47:12] - Cube calculator closed.
[18-04-2024 16:47:13] - Cube calculator closed.
[18-04-2024 16:47:14] - Application closed.
[18-04-2024 16:47:36] - Logger Initialized.
[18-04-2024 16:47:36] - Application opened.
[18-04-2024 16:47:37] - Circle button pressed.
[18-04-2024 16:47:37] - Circle calculator opened.
[18-04-2024 16:47:47] - Circle calculator closed.
[18-04-2024 16:47:48] - Circle calculator closed.
[18-04-2024 16:47:48] - Application closed.
[18-04-2024 16:48:00] - Logger Initialized.
[18-04-2024 16:48:00] - Application opened.
[18-04-2024 16:48:02] - Circle button pressed.
[18-04-2024 16:48:02] - Circle calculator opened.
[18-04-2024 16:48:04] - Circle calculator closed.
[18-04-2024 16:48:07] - Circle calculator closed.
[18-04-2024 16:48:07] - Application closed.
[18-04-2024 16:50:05] - Logger Initialized.
[18-04-2024 16:50:05] - Application opened.
[18-04-2024 16:50:06] - Circle button pressed.
[18-04-2024 16:50:06] - Circle calculator opened.
[18-04-2024 16:50:39] - Circle calculator closed.
[18-04-2024 16:50:40] - Triangle button pressed.
[18-04-2024 16:50:40] - Triangle calculator opened.
[18-04-2024 16:50:42] - Triangle calculator closed.
[18-04-2024 16:50:45] - Circle calculator closed.
[18-04-2024 16:50:45] - Triangle calculator closed.
[18-04-2024 16:50:45] - Application closed.
[18-04-2024 16:59:23] - Logger Initialized.
[18-04-2024 16:59:23] - Application opened.
[18-04-2024 16:59:24] - Circle button pressed.
[18-04-2024 16:59:24] - Circle calculator opened.
[18-04-2024 16:59:25] - Circle calculator closed.
[18-04-2024 16:59:28] - Circle calculator closed.
[18-04-2024 16:59:28] - Application closed.
[18-04-2024 17:00:28] - Logger Initialized.
[18-04-2024 17:00:28] - Application opened.
[18-04-2024 17:00:30] - Circle button pressed.
[18-04-2024 17:00:30] - Circle calculator opened.
[18-04-2024 17:00:34] - Circle calculator closed.
[18-04-2024 17:00:35] - Circle calculator closed.
[18-04-2024 17:00:35] - Application closed.
[18-04-2024 17:01:35] - Logger Initialized.
[18-04-2024 17:01:35] - Application opened.
[18-04-2024 17:01:37] - Circle button pressed.
[18-04-2024 17:01:37] - Circle calculator opened.
[18-04-2024 17:01:39] - Circle calculator closed.
[18-04-2024 17:01:41] - Circle calculator closed.
[18-04-2024 17:01:41] - Application closed.
[18-04-2024 17:07:30] - Logger Initialized.
[18-04-2024 17:07:30] - Application opened.
[18-04-2024 17:07:32] - Circle button pressed.
[18-04-2024 17:07:32] - Circle calculator opened.
[18-04-2024 18:11:47] - Cube button pressed.
[18-04-2024 18:11:47] - Cube calculator opened.
[18-04-2024 18:11:49] - Circle calculator closed.
[18-04-2024 18:11:49] - Cube calculator closed.
[18-04-2024 18:11:49] - Application closed.
[18-04-2024 18:26:00] - Logger Initialized.
[18-04-2024 18:26:00] - Application opened.
[18-04-2024 18:26:02] - Circle button pressed.
[18-04-2024 18:26:02] - Circle calculator opened.
[18-04-2024 18:26:08] - Circle calculator closed.
[18-04-2024 18:26:09] - Circle calculator closed.
[18-04-2024 18:26:09] - Application closed.
[18-04-2024 18:27:16] - Logger Initialized.
[18-04-2024 18:27:16] - Application opened.
[18-04-2024 18:27:18] - Circle button pressed.
[18-04-2024 18:27:18] - Circle calculator opened.
[18-04-2024 18:27:21] - Circle calculator closed.
[18-04-2024 18:27:22] - Circle calculator closed.
[18-04-2024 18:27:22] - Application closed.
[18-04-2024 18:29:54] - Logger Initialized.
[18-04-2024 18:29:54] - Application opened.
[18-04-2024 18:29:56] - Circle button pressed.
[18-04-2024 18:29:56] - Circle calculator opened.
[18-04-2024 18:30:08] - Circle calculator closed.
[18-04-2024 18:30:10] - Circle calculator closed.
[18-04-2024 18:30:10] - Application closed.
[18-04-2024 18:33:22] - Logger Initialized.
[18-04-2024 18:33:22] - Application opened.
[18-04-2024 18:33:24] - Cube button pressed.
[18-04-2024 18:33:24] - Cube calculator opened.
[18-04-2024 18:34:01] - Cube calculator closed.
[18-04-2024 18:34:02] - Cube calculator closed.
[18-04-2024 18:34:02] - Application closed.
[18-04-2024 18:36:14] - Logger Initialized.
[18-04-2024 18:36:14] - Application opened.
[18-04-2024 18:36:16] - Circle button pressed.
[18-04-2024 18:36:16] - Circle calculator opened.
[18-04-2024 18:36:21] - Circle calculator closed.
[18-04-2024 18:36:23] - Circle calculator closed.
[18-04-2024 18:36:23] - Application closed.
[18-04-2024 18:39:10] - Logger Initialized.
[18-04-2024 18:39:10] - Application opened.
[18-04-2024 18:39:12] - Circle button pressed.
[18-04-2024 18:39:12] - Circle calculator opened.
[18-04-2024 18:39:17] - Circle calculator closed.
[18-04-2024 18:39:17] - Circle calculator closed.
[18-04-2024 18:39:18] - Application closed.
[18-04-2024 18:39:39] - Logger Initialized.
[18-04-2024 18:39:39] - Application opened.
[18-04-2024 18:39:41] - Cube button pressed.
[18-04-2024 18:39:41] - Cube calculator opened.
[18-04-2024 18:39:50] - Cube calculator closed.
[18-04-2024 18:39:52] - Cube calculator closed.
[18-04-2024 18:39:52] - Application closed.
[18-04-2024 18:40:09] - Logger Initialized.
[18-04-2024 18:40:09] - Application opened.
[18-04-2024 18:40:10] - Circle button pressed.
[18-04-2024 18:40:10] - Circle calculator opened.
[18-04-2024 18:40:12] - Circle calculator closed.
[18-04-2024 18:40:13] - Circle calculator closed.
[18-04-2024 18:40:13] - Application closed.
[18-04-2024 18:40:30] - Logger Initialized.
[18-04-2024 18:40:31] - Application opened.
[18-04-2024 18:40:32] - Circle button pressed.
[18-04-2024 18:40:32] - Circle calculator opened.
[18-04-2024 18:40:39] - Circle calculator closed.
[18-04-2024 18:40:40] - Circle calculator closed.
[18-04-2024 18:40:40] - Application closed.
[18-04-2024 18:41:05] - Logger Initialized.
[18-04-2024 18:41:05] - Application opened.
[18-04-2024 18:41:07] - Parallelogram button pressed.
[18-04-2024 18:41:07] - Parallelogram calculator opened.
[18-04-2024 18:41:11] - Parallelogram calculator closed.
[18-04-2024 18:41:12] - Parallelogram calculator closed.
[18-04-2024 18:41:12] - Application closed.
[18-04-2024 18:41:56] - Logger Initialized.
[18-04-2024 18:41:56] - Application opened.
[18-04-2024 18:41:57] - Circle button pressed.
[18-04-2024 18:41:57] - Circle calculator opened.
[18-04-2024 18:42:34] - Circle calculator closed.
[18-04-2024 18:43:20] - Logger Initialized.
[18-04-2024 18:43:20] - Application opened.
[18-04-2024 18:43:22] - Circle button pressed.
[18-04-2024 18:43:23] - Circle calculator opened.
[18-04-2024 18:43:28] - Circle calculator closed.
[18-04-2024 18:46:56] - Logger Initialized.
[18-04-2024 18:46:56] - Application opened.
[18-04-2024 18:46:57] - Circle button pressed.
[18-04-2024 18:46:58] - Circle calculator opened.
[18-04-2024 18:47:05] - Circle calculator closed.
[18-04-2024 18:47:35] - Logger Initialized.
[18-04-2024 18:47:35] - Application opened.
[18-04-2024 18:47:42] - Cube button pressed.
[18-04-2024 18:47:42] - Cube calculator opened.
[18-04-2024 18:47:45] - Cube calculator closed.
[18-04-2024 18:47:49] - Cube calculator closed.
[18-04-2024 18:47:49] - Application closed.
[18-04-2024 18:49:29] - Logger Initialized.
[18-04-2024 18:49:29] - Application opened.
[18-04-2024 18:49:31] - Circle button pressed.
[18-04-2024 18:49:31] - Circle calculator opened.
[18-04-2024 18:49:42] - Circle calculator closed.
[18-04-2024 18:49:43] - Circle calculator closed.
[18-04-2024 18:49:43] - Application closed.
[18-04-2024 18:50:16] - Logger Initialized.
[18-04-2024 18:50:16] - Application opened.
[18-04-2024 18:50:19] - Cube button pressed.
[18-04-2024 18:50:19] - Cube calculator opened.
[18-04-2024 18:50:35] - Cube calculator closed.
[18-04-2024 18:50:36] - Cube calculator closed.
[18-04-2024 18:50:36] - Application closed.
[18-04-2024 18:52:29] - Logger Initialized.
[18-04-2024 18:52:29] - Application opened.
[18-04-2024 18:52:31] - Circle button pressed.
[18-04-2024 18:52:31] - Circle calculator opened.
[18-04-2024 18:52:33] - Circle calculator closed.
[18-04-2024 18:52:34] - Circle calculator closed.
[18-04-2024 18:52:34] - Application closed.
[18-04-2024 18:52:47] - Logger Initialized.
[18-04-2024 18:52:47] - Application opened.
[18-04-2024 18:52:49] - Circle button pressed.
[18-04-2024 18:52:49] - Circle calculator opened.
[18-04-2024 18:52:52] - Circle calculator closed.
[18-04-2024 18:52:53] - Cube button pressed.
[18-04-2024 18:52:53] - Cube calculator opened.
[18-04-2024 18:52:54] - Cube calculator closed.
[18-04-2024 18:52:55] - Circle calculator closed.
[18-04-2024 18:52:55] - Cube calculator closed.
[18-04-2024 18:52:55] - Application closed.
[18-04-2024 18:53:32] - Logger Initialized.
[18-04-2024 18:53:32] - Application opened.
[18-04-2024 18:53:33] - Circle button pressed.
[18-04-2024 18:53:33] - Circle calculator opened.
[18-04-2024 18:53:43] - Circle calculator closed.
[18-04-2024 18:53:44] - Circle calculator closed.
[18-04-2024 18:53:44] - Application closed.
[18-04-2024 18:53:51] - Circle calculator closed.
[18-04-2024 18:53:51] - Application closed.
[18-04-2024 18:53:52] - Circle calculator closed.
[18-04-2024 18:53:52] - Application closed.
[18-04-2024 18:53:53] - Circle calculator closed.
[18-04-2024 18:53:53] - Application closed.
[18-04-2024 18:57:23] - Logger Initialized.
[18-04-2024 18:57:23] - Application opened.
[18-04-2024 18:57:25] - Circle button pressed.
[18-04-2024 18:57:25] - Circle calculator opened.
[18-04-2024 18:57:28] - Circle calculator closed.
[18-04-2024 18:57:29] - Circle calculator closed.
[18-04-2024 18:57:29] - Application closed.
[18-04-2024 18:58:50] - Logger Initialized.
[18-04-2024 18:58:50] - Application opened.
[18-04-2024 18:58:52] - Circle button pressed.
[18-04-2024 18:58:52] - Circle calculator opened.
[18-04-2024 18:59:04] - Circle calculator closed.
[18-04-2024 18:59:05] - Circle calculator closed.
[18-04-2024 18:59:05] - Application closed.
[18-04-2024 19:01:31] - Logger Initialized.
[18-04-2024 19:01:31] - Application opened.
[18-04-2024 19:01:32] - Circle button pressed.
[18-04-2024 19:01:40] - Circle calculator closed.
[18-04-2024 19:01:40] - Application closed.
[18-04-2024 19:02:20] - Logger Initialized.
[18-04-2024 19:02:20] - Application opened.
[18-04-2024 19:02:22] - Circle button pressed.
[18-04-2024 19:02:22] - Circle calculator opened.
[18-04-2024 19:02:35] - Circle calculator closed.
[18-04-2024 19:02:37] - Cube button pressed.
[18-04-2024 19:02:37] - Cube calculator opened.
[18-04-2024 19:02:38] - Cube calculator closed.
[18-04-2024 19:02:39] - Circle calculator closed.
[18-04-2024 19:02:39] - Cube calculator closed.
[18-04-2024 19:02:39] - Application closed.
[18-04-2024 19:03:36] - Logger Initialized.
[18-04-2024 19:03:36] - Application opened.
[18-04-2024 19:03:37] - Circle button pressed.
[18-04-2024 19:03:37] - Circle calculator opened.
[18-04-2024 19:03:53] - Circle calculator closed.
[18-04-2024 19:03:54] - Circle calculator closed.
[18-04-2024 19:03:54] - Application closed.
[18-04-2024 19:04:30] - Logger Initialized.
[18-04-2024 19:04:30] - Application opened.
[18-04-2024 19:04:32] - Circle button pressed.
[18-04-2024 19:04:32] - Circle calculator opened.
[18-04-2024 19:04:35] - Circle calculator closed.
[18-04-2024 19:04:36] - Circle calculator closed.
[18-04-2024 19:04:36] - Application closed.
[18-04-2024 19:05:12] - Logger Initialized.
[18-04-2024 19:05:12] - Application opened.
[18-04-2024 19:05:14] - Circle button pressed.
[18-04-2024 19:05:14] - Circle calculator opened.
[18-04-2024 19:06:14] - Logger Initialized.
[18-04-2024 19:06:14] - Application opened.
[18-04-2024 19:06:16] - Circle button pressed.
[18-04-2024 19:06:16] - Circle calculator opened.
[18-04-2024 19:06:41] - Circle calculator closed.
[18-04-2024 19:06:42] - Circle calculator closed.
[18-04-2024 19:06:42] - Application closed.
[18-04-2024 19:06:46] - Circle calculator closed.
[18-04-2024 19:06:46] - Application closed.
[18-04-2024 19:07:58] - Logger Initialized.
[18-04-2024 19:07:58] - Application opened.
[18-04-2024 19:07:59] - Circle button pressed.
[18-04-2024 19:07:59] - Circle calculator opened.
[18-04-2024 19:08:44] - Circle calculator closed.
[18-04-2024 19:08:45] - Circle calculator closed.
[18-04-2024 19:08:45] - Application closed.
[18-04-2024 19:13:37] - Logger Initialized.
[18-04-2024 19:13:37] - Application opened.
[18-04-2024 19:13:39] - Circle button pressed.
[18-04-2024 19:13:39] - Circle calculator opened.
[18-04-2024 19:14:18] - Circle calculator closed.
[18-04-2024 19:14:18] - Circle button pressed.
[18-04-2024 19:14:18] - Circle calculator opened.
[18-04-2024 19:14:21] - Circle calculator closed.
[18-04-2024 19:14:29] - Circle calculator closed.
[18-04-2024 19:14:29] - Circle calculator closed.
[18-04-2024 19:14:29] - Application closed.
[18-04-2024 19:18:46] - Logger Initialized.
[18-04-2024 19:18:46] - Application opened.
[18-04-2024 19:18:48] - Circle button pressed.
[18-04-2024 19:18:48] - Calculator (Circle): Reset.
[18-04-2024 19:18:48] - Circle calculator opened.
[18-04-2024 19:18:53] - Calculator (Circle): Completed calculation with radius: 1.021550, with result: 3.278454.
[18-04-2024 19:18:54] - Calculator (Circle): Reset.
[18-04-2024 19:18:55] - Circle calculator closed.
[18-04-2024 19:18:56] - Cube button pressed.
[18-04-2024 19:18:56] - Calculator (Cube): Reset.
[18-04-2024 19:18:56] - Cube calculator opened.
[18-04-2024 19:19:00] - Calculation requested, but no formula available.
[18-04-2024 19:19:00] - Calculator (Cube): Reset.
[18-04-2024 19:19:02] - Cube calculator closed.
[18-04-2024 19:19:02] - Circle calculator closed.
[18-04-2024 19:19:02] - Cube calculator closed.
[18-04-2024 19:19:02] - Application closed.
[18-04-2024 19:19:41] - Logger Initialized.
[18-04-2024 19:19:41] - Application opened.
[18-04-2024 19:19:44] - Application closed.
[18-04-2024 19:20:58] - Logger Initialized.
[18-04-2024 19:20:58] - Application opened.
[18-04-2024 19:21:00] - Circle button pressed.
[18-04-2024 19:21:00] - Calculator (Circle): Reset.
[18-04-2024 19:21:00] - Circle calculator opened.
[18-04-2024 19:21:06] - Calculator (Circle): Reset.
[18-04-2024 19:21:08] - Circle calculator closed.
[18-04-2024 19:21:17] - Circle calculator closed.
[18-04-2024 19:21:17] - Application closed.
[18-04-2024 19:22:50] - Logger Initialized.
[18-04-2024 19:22:50] - Application opened.
[18-04-2024 19:22:52] - Circle button pressed.
[18-04-2024 19:22:52] - Calculator (Circle): Reset.
[18-04-2024 19:22:52] - Circle calculator opened.
[18-04-2024 19:23:05] - Circle calculator closed.
[18-04-2024 19:23:18] - Logger Initialized.
[18-04-2024 19:23:18] - Application opened.
[18-04-2024 19:23:20] - Circle button pressed.
[18-04-2024 19:23:20] - Calculator (Circle): Reset.
[18-04-2024 19:23:20] - Circle calculator opened.
[18-04-2024 19:24:10] - Circle calculator closed.
[18-04-2024 19:24:11] - Circle calculator closed.
[18-04-2024 19:24:11] - Application closed.
[18-04-2024 19:25:00] - Logger Initialized.
[18-04-2024 19:25:00] - Application opened.
[18-04-2024 19:25:02] - Circle button pressed.
[18-04-2024 19:25:02] - Calculator (Circle): Reset.
[18-04-2024 19:25:02] - Circle calculator opened.
[18-04-2024 19:25:08] - Circle calculator closed.
[18-04-2024 19:25:09] - Circle calculator closed.
[18-04-2024 19:25:09] - Application closed.
[18-04-2024 19:26:20] - Logger Initialized.
[18-04-2024 19:26:20] - Application opened.
[18-04-2024 19:26:22] - Circle button pressed.
[18-04-2024 19:26:22] - Calculator (Circle): Reset.
[18-04-2024 19:26:22] - Circle calculator opened.
[18-04-2024 19:26:34] - Circle calculator closed.
[18-04-2024 19:26:36] - Circle calculator closed.
[18-04-2024 19:26:36] - Application closed.
[18-04-2024 19:27:58] - Logger Initialized.
[18-04-2024 19:27:58] - Application opened.
[18-04-2024 19:28:00] - Triangle button pressed.
[18-04-2024 19:28:00] - Calculator (Triangle): Reset.
[18-04-2024 19:28:00] - Triangle calculator opened.
[18-04-2024 19:28:09] - Calculation requested, but no formula available.
[18-04-2024 19:28:10] - Calculator (Triangle): Reset.
[18-04-2024 19:28:11] - Triangle calculator closed.
[18-04-2024 19:28:12] - Triangle calculator closed.
[18-04-2024 19:28:12] - Application closed.
[18-04-2024 19:30:32] - Logger Initialized.
[18-04-2024 19:30:32] - Application opened.
[18-04-2024 19:30:33] - Circle button pressed.
[18-04-2024 19:30:33] - Calculator (Circle): Reset.
[18-04-2024 19:30:33] - Circle calculator opened.
[18-04-2024 19:30:38] - Calculator (Circle): Completed calculation with radius: 5.266300, with result: 87.128666.
[18-04-2024 19:30:45] - Calculator (Circle): Reset.
[18-04-2024 19:30:47] - Circle calculator closed.
[18-04-2024 19:30:48] - Triangle button pressed.
[18-04-2024 19:30:48] - Calculator (Triangle): Reset.
[18-04-2024 19:30:48] - Triangle calculator opened.
[18-04-2024 19:30:55] - Calculator (Triangle): Completed calculation with base: 0.224580, height: 100.000000, with result: 11.229000.
[18-04-2024 19:31:02] - Calculator (Triangle): Completed calculation with base: 10.000000, height: 5.000000, with result: 25.000000.
[18-04-2024 19:31:11] - Triangle calculator closed.
[18-04-2024 19:31:12] - Circle calculator closed.
[18-04-2024 19:31:12] - Triangle calculator closed.
[18-04-2024 19:31:12] - Application closed.
[18-04-2024 19:34:12] - Logger Initialized.
[18-04-2024 19:34:12] - Application opened.
[18-04-2024 19:34:14] - Cube button pressed.
[18-04-2024 19:34:14] - Calculator (Cube): Reset.
[18-04-2024 19:34:14] - Cube calculator opened.
[18-04-2024 19:34:28] - Calculator (Cube): Completed calculation with edge length: 3.000000, with result: 54.000000.
[18-04-2024 19:34:31] - Calculator (Cube): Reset.
[18-04-2024 19:34:41] - Calculator (Cube): Reset.
[18-04-2024 19:34:42] - Cube calculator closed.
[18-04-2024 19:34:43] - Cube button pressed.
[18-04-2024 19:34:43] - Calculator (Cube): Reset.
[18-04-2024 19:34:43] - Cube calculator opened.
[18-04-2024 19:34:50] - Cube calculator closed.
[18-04-2024 19:34:51] - Cube calculator closed.
[18-04-2024 19:34:51] - Cube calculator closed.
[18-04-2024 19:34:51] - Application closed.
[18-04-2024 19:36:16] - Logger Initialized.
[18-04-2024 19:36:16] - Application opened.
[18-04-2024 19:36:19] - Rectangular Prism button pressed.
[18-04-2024 19:36:19] - Calculator (Rectangular Prism): Reset.
[18-04-2024 19:36:19] - Rectangular Prism calculator opened.
[18-04-2024 19:36:32] - Rectangular Prism calculator closed.
[18-04-2024 19:36:33] - Rectangular Prism calculator closed.
[18-04-2024 19:36:33] - Application closed.
[18-04-2024 19:42:55] - Logger Initialized.
[18-04-2024 19:42:55] - Application opened.
[18-04-2024 19:42:56] - Rectangular Prism button pressed.
[18-04-2024 19:42:57] - Calculator (Rectangular Prism): Reset.
[18-04-2024 19:42:57] - Rectangular Prism calculator opened.
[18-04-2024 19:43:32] - Rectangular Prism calculator closed.
[18-04-2024 19:43:34] - Cube button pressed.
[18-04-2024 19:43:34] - Calculator (Cube): Reset.
[18-04-2024 19:43:34] - Cube calculator opened.
[18-04-2024 19:43:44] - Calculator (Cube): Completed calculation with edge length: 0.000000, with result: 0.000000.
[18-04-2024 19:43:45] - Cube calculator closed.
[18-04-2024 19:43:46] - Rectangular Prism calculator closed.
[18-04-2024 19:43:46] - Cube calculator closed.
[18-04-2024 19:43:46] - Application closed.
[18-04-2024 19:46:18] - Logger Initialized.
[18-04-2024 19:46:18] - Application opened.
[18-04-2024 19:46:20] - Rectangular Prism button pressed.
[18-04-2024 19:46:20] - Calculator (Rectangular Prism): Reset.
[18-04-2024 19:46:20] - Rectangular Prism calculator opened.
[18-04-2024 19:46:29] - Calculator (Rectangular Prism): Completed calculation with length: 1.200000, width: 3.400000, height: 5.600000, with result: 59.680000.
[18-04-2024 19:47:20] - Logger Initialized.
[18-04-2024 19:47:20] - Application opened.
[18-04-2024 19:47:22] - Rectangular Prism button pressed.
[18-04-2024 19:47:22] - Calculator (Rectangular Prism): Reset.
[18-04-2024 19:47:22] - Rectangular Prism calculator opened.
[18-04-2024 19:47:42] - Rectangular Prism calculator closed.
[18-04-2024 19:47:43] - Rectangular Prism calculator closed.
[18-04-2024 19:47:43] - Application closed.
[18-04-2024 19:47:51] - Logger Initialized.
[18-04-2024 19:47:51] - Application opened.
[18-04-2024 19:47:53] - Rectangular Prism button pressed.
[18-04-2024 19:47:53] - Calculator (Rectangular Prism): Reset.
[18-04-2024 19:47:53] - Rectangular Prism calculator opened.
[18-04-2024 19:48:01] - Calculator (Rectangular Prism): Completed calculation with length: 1.200000, width: 2.300000, height: 3.140000, with result: 27.500000.
[18-04-2024 19:48:06] - Rectangular Prism calculator closed.
[18-04-2024 19:48:07] - Rectangular Prism calculator closed.
[18-04-2024 19:48:07] - Application closed.
[18-04-2024 19:49:12] - Logger Initialized.
[18-04-2024 19:49:12] - Application opened.
[18-04-2024 19:49:13] - Circle button pressed.
[18-04-2024 19:49:13] - Calculator (Circle): Reset.
[18-04-2024 19:49:14] - Circle calculator opened.
[18-04-2024 19:49:17] - Calculator (Circle): Completed calculation with radius: 2.300000, with result: 16.619025.
[18-04-2024 19:49:18] - Calculator (Circle): Reset.
[18-04-2024 19:49:19] - Circle calculator closed.
[18-04-2024 19:49:20] - Cube button pressed.
[18-04-2024 19:49:20] - Calculator (Cube): Reset.
[18-04-2024 19:49:20] - Cube calculator opened.
[18-04-2024 19:49:24] - Calculator (Cube): Completed calculation with edge length: 0.230000, with result: 0.317400.
[18-04-2024 19:49:25] - Cube calculator closed.
[18-04-2024 19:49:26] - Rectangular Prism button pressed.
[18-04-2024 19:49:26] - Calculator (Rectangular Prism): Reset.
[18-04-2024 19:49:26] - Rectangular Prism calculator opened.
[18-04-2024 19:49:30] - Calculator (Rectangular Prism): Completed calculation with length: 2.000000, width: 0.000000, height: 0.000000, with result: 0.000000.
[18-04-2024 19:49:45] - Rectangular Prism calculator closed.
[18-04-2024 19:49:46] - Cube calculator closed.
[18-04-2024 19:49:46] - Rectangular Prism calculator closed.
[18-04-2024 19:49:46] - Application closed.
[18-04-2024 19:49:55] - Logger Initialized.
[18-04-2024 19:49:55] - Application opened.
[18-04-2024 19:49:57] - Rectangular Prism button pressed.
[18-04-2024 19:49:57] - Calculator (Rectangular Prism): Reset.
[18-04-2024 19:49:57] - Rectangular Prism calculator opened.
[18-04-2024 19:49:58] - Calculator (Rectangular Prism): Completed calculation with length: 0.000000, width: 0.000000, height: 0.000000, with result: 0.000000.
[18-04-2024 19:50:00] - Rectangular Prism calculator closed.
[18-04-2024 19:50:08] - Logger Initialized.
[18-04-2024 19:50:08] - Application opened.
[18-04-2024 19:50:09] - Rectangular Prism button pressed.
[18-04-2024 19:50:09] - Calculator (Rectangular Prism): Reset.
[18-04-2024 19:50:09] - Rectangular Prism calculator opened.
[18-04-2024 19:50:10] - Calculator (Rectangular Prism): Completed calculation with length: 0.000000, width: 0.000000, height: 0.000000, with result: 0.000000.
[18-04-2024 19:50:17] - Rectangular Prism calculator closed.
[18-04-2024 19:50:18] - Rectangular Prism calculator closed.
[18-04-2024 19:50:18] - Application closed.
[18-04-2024 19:50:25] - Logger Initialized.
[18-04-2024 19:50:25] - Application opened.
[18-04-2024 19:50:27] - Rectangular Prism button pressed.
[18-04-2024 19:50:27] - Calculator (Rectangular Prism): Reset.
[18-04-2024 19:50:27] - Rectangular Prism calculator opened.
[18-04-2024 19:50:28] - Calculator (Rectangular Prism): Completed calculation with length: 0.000000, width: 0.000000, height: 0.000000, with result: 0.000000.
[18-04-2024 19:50:32] - Rectangular Prism calculator closed.
[18-04-2024 19:50:34] - Rectangular Prism calculator closed.
[18-04-2024 19:50:34] - Application closed.
[18-04-2024 19:50:55] - Logger Initialized.
[18-04-2024 19:50:55] - Application opened.
[18-04-2024 19:50:59] - Rectangular Prism button pressed.
[18-04-2024 19:50:59] - Calculator (Rectangular Prism): Reset.
[18-04-2024 19:50:59] - Rectangular Prism calculator opened.
[18-04-2024 19:51:00] - Calculator (Rectangular Prism): Completed calculation with length: 0.000000, width: 0.000000, height: 0.000000, with result: 0.000000.
[18-04-2024 19:51:12] - Rectangular Prism calculator closed.
[18-04-2024 19:51:13] - Rectangular Prism calculator closed.
[18-04-2024 19:51:13] - Application closed.
[18-04-2024 19:51:50] - Logger Initialized.
[18-04-2024 19:51:50] - Application opened.
[18-04-2024 19:51:53] - Rectangular Prism button pressed.
[18-04-2024 19:51:53] - Calculator (Rectangular Prism): Reset.
[18-04-2024 19:51:53] - Rectangular Prism calculator opened.
[18-04-2024 19:51:55] - Calculator (Rectangular Prism): Completed calculation with length: 0.000000, width: 0.000000, height: 0.000000, with result: 0.000000.
[18-04-2024 19:52:06] - Rectangular Prism calculator closed.
[18-04-2024 19:52:07] - Cube button pressed.
[18-04-2024 19:52:07] - Calculator (Cube): Reset.
[18-04-2024 19:52:08] - Cube calculator opened.
[18-04-2024 19:52:09] - Calculator (Cube): Completed calculation with edge length: 0.000000, with result: 0.000000.
[18-04-2024 19:52:10] - Cube calculator closed.
[18-04-2024 19:52:12] - Rectangular Prism calculator closed.
[18-04-2024 19:52:12] - Cube calculator closed.
[18-04-2024 19:52:12] - Application closed.
[23-04-2024 13:03:00] - Logger Initialized.
[23-04-2024 13:03:00] - Application opened.
[23-04-2024 13:03:02] - Circle button pressed.
[23-04-2024 13:03:02] - Calculator (Circle): Reset.
[23-04-2024 13:03:02] - Circle calculator opened.
[23-04-2024 13:03:04] - Circle calculator closed.
[23-04-2024 13:03:05] - Cylinder button pressed.
[23-04-2024 13:03:05] - Calculator (Cylinder): Reset.
[23-04-2024 13:03:05] - Cylinder calculator opened.
[23-04-2024 13:03:06] - Cylinder calculator closed.
[23-04-2024 13:03:07] - Circle calculator closed.
[23-04-2024 13:03:07] - Cylinder calculator closed.
[23-04-2024 13:03:07] - Application closed.
[23-04-2024 13:07:24] - Logger Initialized.
[23-04-2024 13:07:24] - Application opened.
[23-04-2024 13:07:27] - Triangle button pressed.
[23-04-2024 13:07:27] - Calculator (Triangle): Reset.
[23-04-2024 13:07:27] - Triangle calculator opened.
[23-04-2024 13:07:29] - Triangle calculator closed.
[23-04-2024 13:07:29] - Cube button pressed.
[23-04-2024 13:07:29] - Calculator (Cube): Reset.
[23-04-2024 13:07:30] - Cube calculator opened.
[23-04-2024 13:07:32] - Cube calculator closed.
[23-04-2024 13:07:33] - Cylinder button pressed.
[23-04-2024 13:07:33] - Calculator (Cylinder): Reset.
[23-04-2024 13:07:33] - Cylinder calculator opened.
[23-04-2024 13:07:35] - Cylinder calculator closed.
[23-04-2024 13:07:36] - Cone button pressed.
[23-04-2024 13:07:36] - Calculator (Cone): Reset.
[23-04-2024 13:07:36] - Cone calculator opened.
[23-04-2024 13:07:38] - Cone calculator closed.
[23-04-2024 13:07:38] - Sphere button pressed.
[23-04-2024 13:07:38] - Calculator (Sphere): Reset.
[23-04-2024 13:07:39] - Sphere calculator opened.
[23-04-2024 13:07:43] - Sphere calculator closed.
[23-04-2024 13:07:45] - Triangle button pressed.
[23-04-2024 13:07:45] - Calculator (Triangle): Reset.
[23-04-2024 13:07:45] - Triangle calculator opened.
[23-04-2024 13:07:46] - Triangle calculator closed.
[23-04-2024 13:07:47] - Trapezoid button pressed.
[23-04-2024 13:07:47] - Calculator (Trapezoid): Reset.
[23-04-2024 13:07:47] - Trapezoid calculator opened.
[23-04-2024 13:07:49] - Trapezoid calculator closed.
[23-04-2024 13:09:47] - Triangle calculator closed.
[23-04-2024 13:09:47] - Cube calculator closed.
[23-04-2024 13:09:47] - Cylinder calculator closed.
[23-04-2024 13:09:47] - Cone calculator closed.
[23-04-2024 13:09:47] - Sphere calculator closed.
[23-04-2024 13:09:47] - Triangle calculator closed.
[23-04-2024 13:09:47] - Trapezoid calculator closed.
[23-04-2024 13:09:47] - Application closed.
[23-04-2024 13:14:48] - Logger Initialized.
[23-04-2024 13:14:48] - Application opened.
[23-04-2024 13:14:54] - Circle button pressed.
[23-04-2024 13:14:54] - Calculator (Circle): Reset.
[23-04-2024 13:14:54] - Circle calculator opened.
[23-04-2024 13:14:57] - Circle calculator closed.
[23-04-2024 13:14:58] - Square button pressed.
[23-04-2024 13:14:58] - Calculator (Square): Reset.
[23-04-2024 13:14:58] - Square calculator opened.
[23-04-2024 13:18:55] - Rectangular Prism button pressed.
[23-04-2024 13:18:55] - Calculator (Rectangular Prism): Reset.
[23-04-2024 13:18:55] - Rectangular Prism calculator opened.
[23-04-2024 13:19:25] - Circle button pressed.
[23-04-2024 13:19:25] - Calculator (Circle): Reset.
[23-04-2024 13:19:25] - Circle calculator opened.
[23-04-2024 13:19:36] - Circle calculator closed.
[23-04-2024 13:21:03] - Rectangular Prism calculator closed.
[23-04-2024 13:21:05] - Square calculator closed.
[23-04-2024 13:21:07] - Logger Initialized.
[23-04-2024 13:21:07] - Application opened.
[23-04-2024 13:21:10] - Circle calculator closed.
[23-04-2024 13:21:10] - Square calculator closed.
[23-04-2024 13:21:10] - Rectangular Prism calculator closed.
[23-04-2024 13:21:10] - Circle calculator closed.
[23-04-2024 13:21:10] - Application closed.
[23-04-2024 13:21:15] - Rectangular Prism button pressed.
[23-04-2024 13:21:15] - Calculator (Rectangular Prism): Reset.
[23-04-2024 13:21:15] - Rectangular Prism calculator opened.
[23-04-2024 13:21:20] - Rectangular Prism calculator closed.
[23-04-2024 13:21:21] - Circle button pressed.
[23-04-2024 13:21:21] - Calculator (Circle): Reset.
[23-04-2024 13:21:21] - Circle calculator opened.
[23-04-2024 13:21:23] - Circle calculator closed.
[23-04-2024 13:21:24] - Triangle button pressed.
[23-04-2024 13:21:24] - Calculator (Triangle): Reset.
[23-04-2024 13:21:24] - Triangle calculator opened.
[23-04-2024 13:21:29] - Triangle calculator closed.
[23-04-2024 13:21:30] - Square button pressed.
[23-04-2024 13:21:30] - Calculator (Square): Reset.
[23-04-2024 13:21:30] - Square calculator opened.
[23-04-2024 13:21:32] - Square calculator closed.
[23-04-2024 13:21:34] - Rectangle button pressed.
[23-04-2024 13:21:34] - Calculator (Rectangle): Reset.
[23-04-2024 13:21:34] - Rectangle calculator opened.
[23-04-2024 13:21:37] - Rectangle calculator closed.
[23-04-2024 13:21:38] - Parallelogram button pressed.
[23-04-2024 13:21:38] - Calculator (Parallelogram): Reset.
[23-04-2024 13:21:38] - Parallelogram calculator opened.
[23-04-2024 13:21:40] - Parallelogram calculator closed.
[23-04-2024 13:21:41] - Cube button pressed.
[23-04-2024 13:21:41] - Calculator (Cube): Reset.
[23-04-2024 13:21:41] - Cube calculator opened.
[23-04-2024 13:21:47] - Cube calculator closed.
[23-04-2024 13:21:51] - Cylinder button pressed.
[23-04-2024 13:21:51] - Calculator (Cylinder): Reset.
[23-04-2024 13:21:51] - Cylinder calculator opened.
[23-04-2024 13:21:53] - Cylinder calculator closed.
[23-04-2024 13:21:55] - Cone button pressed.
[23-04-2024 13:21:55] - Calculator (Cone): Reset.
[23-04-2024 13:21:55] - Cone calculator opened.
[23-04-2024 13:21:58] - Cone calculator closed.
[23-04-2024 13:22:00] - Sphere button pressed.
[23-04-2024 13:22:00] - Calculator (Sphere): Reset.
[23-04-2024 13:22:00] - Sphere calculator opened.
[23-04-2024 13:22:03] - Sphere calculator closed.
[23-04-2024 13:22:05] - Hemisphere button pressed.
[23-04-2024 13:22:05] - Calculator (Hemisphere): Reset.
[23-04-2024 13:22:05] - Hemisphere calculator opened.
[23-04-2024 13:22:08] - Hemisphere calculator closed.
[23-04-2024 13:22:10] - Rectangle button pressed.
[23-04-2024 13:22:10] - Calculator (Rectangle): Reset.
[23-04-2024 13:22:10] - Rectangle calculator opened.
[23-04-2024 13:22:11] - Rectangle calculator closed.
[23-04-2024 13:22:12] - Circle button pressed.
[23-04-2024 13:22:12] - Calculator (Circle): Reset.
[23-04-2024 13:22:12] - Circle calculator opened.
[23-04-2024 13:22:13] - Circle calculator closed.
[23-04-2024 13:22:14] - Triangle button pressed.
[23-04-2024 13:22:14] - Calculator (Triangle): Reset.
[23-04-2024 13:22:15] - Triangle calculator opened.
[23-04-2024 13:22:16] - Triangle calculator closed.
[23-04-2024 13:22:17] - Cube button pressed.
[23-04-2024 13:22:17] - Calculator (Cube): Reset.
[23-04-2024 13:22:17] - Cube calculator opened.
[23-04-2024 13:22:18] - Cube calculator closed.
[23-04-2024 13:22:20] - Rectangular Prism button pressed.
[23-04-2024 13:22:20] - Calculator (Rectangular Prism): Reset.
[23-04-2024 13:22:20] - Rectangular Prism calculator opened.
[23-04-2024 13:22:22] - Rectangular Prism calculator closed.
[23-04-2024 13:22:23] - Cylinder button pressed.
[23-04-2024 13:22:23] - Calculator (Cylinder): Reset.
[23-04-2024 13:22:23] - Cylinder calculator opened.
[23-04-2024 13:22:25] - Cylinder calculator closed.
[23-04-2024 13:22:27] - Cone button pressed.
[23-04-2024 13:22:27] - Calculator (Cone): Reset.
[23-04-2024 13:22:27] - Cone calculator opened.
[23-04-2024 13:22:28] - Cone calculator closed.
[23-04-2024 13:22:47] - Triangle button pressed.
[23-04-2024 13:22:47] - Calculator (Triangle): Reset.
[23-04-2024 13:22:47] - Triangle calculator opened.
[23-04-2024 13:22:49] - Triangle calculator closed.
[23-04-2024 13:22:50] - Circle button pressed.
[23-04-2024 13:22:50] - Calculator (Circle): Reset.
[23-04-2024 13:22:50] - Circle calculator opened.
[23-04-2024 13:22:51] - Circle calculator closed.
[23-04-2024 13:22:52] - Cube button pressed.
[23-04-2024 13:22:52] - Calculator (Cube): Reset.
[23-04-2024 13:22:52] - Cube calculator opened.
[23-04-2024 13:22:53] - Cube calculator closed.
[23-04-2024 13:22:54] - Rectangular Prism button pressed.
[23-04-2024 13:22:54] - Calculator (Rectangular Prism): Reset.
[23-04-2024 13:22:55] - Rectangular Prism calculator opened.
[23-04-2024 13:22:58] - Rectangular Prism calculator closed.
[23-04-2024 13:23:11] - Triangle button pressed.
[23-04-2024 13:23:11] - Calculator (Triangle): Reset.
[23-04-2024 13:23:11] - Triangle calculator opened.
[23-04-2024 13:23:13] - Triangle calculator closed.
[23-04-2024 13:23:35] - Logger Initialized.
[23-04-2024 13:23:35] - Application opened.
[23-04-2024 13:23:37] - Square button pressed.
[23-04-2024 13:23:37] - Calculator (Square): Reset.
[23-04-2024 13:23:37] - Square calculator opened.
[23-04-2024 13:23:44] - Square calculator closed.
[23-04-2024 13:23:45] - Square calculator closed.
[23-04-2024 13:23:45] - Application closed.
[23-04-2024 13:23:47] - Triangle button pressed.
[23-04-2024 13:23:47] - Calculator (Triangle): Reset.
[23-04-2024 13:23:47] - Triangle calculator opened.
[23-04-2024 13:23:48] - Triangle calculator closed.
[23-04-2024 13:25:31] - Logger Initialized.
[23-04-2024 13:25:31] - Application opened.
[23-04-2024 13:25:33] - Rectangle button pressed.
[23-04-2024 13:25:33] - Calculator (Rectangle): Reset.
[23-04-2024 13:25:33] - Rectangle calculator opened.
[23-04-2024 13:25:35] - Rectangle calculator closed.
[23-04-2024 13:25:36] - Rectangle calculator closed.
[23-04-2024 13:25:36] - Application closed.
[23-04-2024 13:25:42] - Logger Initialized.
[23-04-2024 13:25:42] - Application opened.
[23-04-2024 13:25:45] - Rectangle button pressed.
[23-04-2024 13:25:45] - Calculator (Rectangle): Reset.
[23-04-2024 13:25:45] - Rectangle calculator opened.
[23-04-2024 13:25:47] - Rectangle calculator closed.
[23-04-2024 13:25:48] - Rectangle calculator closed.
[23-04-2024 13:25:48] - Application closed.
[23-04-2024 13:27:13] - Rectangular Prism button pressed.
[23-04-2024 13:27:13] - Calculator (Rectangular Prism): Reset.
[23-04-2024 13:27:13] - Rectangular Prism calculator opened.
[23-04-2024 13:28:24] - Rectangular Prism calculator closed.
[23-04-2024 13:28:26] - Cube calculator closed.
[23-04-2024 13:28:26] - Cone calculator closed.
[23-04-2024 13:28:26] - Sphere calculator closed.
[23-04-2024 13:28:26] - Hemisphere calculator closed.
[23-04-2024 13:28:26] - Rectangle calculator closed.
[23-04-2024 13:28:26] - Circle calculator closed.
[23-04-2024 13:28:26] - Triangle calculator closed.
[23-04-2024 13:28:26] - Cube calculator closed.
[23-04-2024 13:28:26] - Rectangular Prism calculator closed.
[23-04-2024 13:28:26] - Cylinder calculator closed.
[23-04-2024 13:28:26] - Cone calculator closed.
[23-04-2024 13:28:26] - Triangle calculator closed.
[23-04-2024 13:28:26] - Circle calculator closed.
[23-04-2024 13:28:26] - Cube calculator closed.
[23-04-2024 13:28:26] - Rectangular Prism calculator closed.
[23-04-2024 13:28:26] - Triangle calculator closed.
[23-04-2024 13:28:26] - Triangle calculator closed.
[23-04-2024 13:28:26] - Rectangular Prism calculator closed.
[23-04-2024 13:28:26] - Application closed.
[23-04-2024 13:28:31] - Logger Initialized.
[23-04-2024 13:28:31] - Application opened.
[23-04-2024 13:30:54] - Cylinder button pressed.
[23-04-2024 13:30:54] - Calculator (Cylinder): Reset.
[23-04-2024 13:30:54] - Cylinder calculator opened.
[23-04-2024 13:30:57] - Cylinder calculator closed.
[23-04-2024 13:30:58] - Square button pressed.
[23-04-2024 13:30:58] - Calculator (Square): Reset.
[23-04-2024 13:30:58] - Square calculator opened.
[23-04-2024 13:31:02] - Square calculator closed.
[23-04-2024 13:31:09] - Cube button pressed.
[23-04-2024 13:31:09] - Calculator (Cube): Reset.
[23-04-2024 13:31:09] - Cube calculator opened.
[23-04-2024 13:31:17] - Cube calculator closed.
[23-04-2024 13:34:54] - Rectangle button pressed.
[23-04-2024 13:34:54] - Calculator (Rectangle): Reset.
[23-04-2024 13:34:54] - Rectangle calculator opened.
[23-04-2024 13:34:57] - Rectangle calculator closed.
[23-04-2024 13:34:58] - Circle button pressed.
[23-04-2024 13:34:58] - Calculator (Circle): Reset.
[23-04-2024 13:34:58] - Circle calculator opened.
[23-04-2024 13:34:59] - Circle calculator closed.
[23-04-2024 13:35:00] - Triangle button pressed.
[23-04-2024 13:35:01] - Calculator (Triangle): Reset.
[23-04-2024 13:35:01] - Triangle calculator opened.
[23-04-2024 13:35:02] - Triangle calculator closed.
[23-04-2024 13:35:02] - Square button pressed.
[23-04-2024 13:35:02] - Calculator (Square): Reset.
[23-04-2024 13:35:02] - Square calculator opened.
[23-04-2024 13:35:04] - Square calculator closed.
[23-04-2024 13:40:00] - Triangle calculator closed.
[23-04-2024 13:40:00] - Square calculator closed.
[23-04-2024 13:40:00] - Application closed.
[23-04-2024 13:42:41] - Logger Initialized.
[23-04-2024 13:42:41] - Application opened.
[23-04-2024 13:42:43] - Square button pressed.
[23-04-2024 13:42:43] - Calculator (Square): Reset.
[23-04-2024 13:42:44] - Square calculator opened.
[23-04-2024 13:42:44] - Square button pressed.
[23-04-2024 13:42:44] - Calculator (Square): Reset.
[23-04-2024 13:42:44] - Square calculator opened.
[23-04-2024 13:42:48] - Square calculator closed.
[23-04-2024 13:42:54] - Calculation requested, but no formula available.
[23-04-2024 13:42:57] - Calculator (Square): Reset.
[23-04-2024 13:42:58] - Calculation requested, but no formula available.
[23-04-2024 13:42:59] - Calculation requested, but no formula available.
[23-04-2024 13:42:59] - Calculation requested, but no formula available.
[23-04-2024 13:43:00] - Calculation requested, but no formula available.
[23-04-2024 13:43:01] - Square calculator closed.
[23-04-2024 13:43:27] - Square calculator closed.
[23-04-2024 13:43:27] - Application closed.
[23-04-2024 13:46:54] - Logger Initialized.
[23-04-2024 13:46:54] - Application opened.
[23-04-2024 13:46:56] - Rectangle button pressed.
[23-04-2024 13:46:56] - Calculator (Rectangle): Reset.
[23-04-2024 13:46:56] - Rectangle calculator opened.
[23-04-2024 13:47:03] - Calculation requested, but no formula available.
[23-04-2024 13:47:04] - Rectangle calculator closed.
[23-04-2024 13:48:02] - Rectangle calculator closed.
[23-04-2024 13:48:02] - Application closed.
[23-04-2024 13:54:42] - Logger Initialized.
[23-04-2024 13:54:42] - Application opened.
[23-04-2024 13:55:23] - Logger Initialized.
[23-04-2024 13:55:23] - Application opened.
[23-04-2024 13:55:26] - Application closed.
[23-04-2024 13:55:27] - Cylinder button pressed.
[23-04-2024 13:55:27] - Calculator (Cylinder): Reset.
[23-04-2024 13:55:27] - Cylinder calculator opened.
[23-04-2024 13:55:29] - Cylinder calculator closed.
[23-04-2024 13:55:30] - Cone button pressed.
[23-04-2024 13:55:30] - Calculator (Cone): Reset.
[23-04-2024 13:55:30] - Cone calculator opened.
[23-04-2024 13:55:32] - Cone calculator closed.
[23-04-2024 13:55:33] - Cylinder calculator closed.
[23-04-2024 13:55:33] - Cone calculator closed.
[23-04-2024 13:55:33] - Application closed.
[23-04-2024 14:08:20] - Logger Initialized.
[23-04-2024 14:08:20] - Application opened.
[23-04-2024 14:08:22] - Cylinder button pressed.
[23-04-2024 14:08:22] - Calculator (Cylinder): Reset.
[23-04-2024 14:08:22] - Cylinder calculator opened.
[23-04-2024 14:08:29] - Cylinder calculator closed.
[23-04-2024 14:25:07] - Logger Initialized.
[23-04-2024 14:25:07] - Application opened.
[23-04-2024 14:25:10] - Cone button pressed.
[23-04-2024 14:25:10] - Calculator (Cone): Reset.
[23-04-2024 14:25:10] - Cone calculator opened.
[23-04-2024 14:25:16] - Cone calculator closed.
[23-04-2024 14:25:17] - Cube button pressed.
[23-04-2024 14:25:17] - Calculator (Cube): Reset.
[23-04-2024 14:25:17] - Cube calculator opened.
[23-04-2024 14:25:29] - Cube calculator closed.
[23-04-2024 14:25:36] - Cube button pressed.
[23-04-2024 14:25:36] - Calculator (Cube): Reset.
[23-04-2024 14:25:36] - Cube calculator opened.
[23-04-2024 14:25:43] - Calculator (Cube): Completed calculation with edge length: 3.000000, with result: 54.000000.
[23-04-2024 14:25:46] - Cube calculator closed.
[23-04-2024 14:38:46] - Logger Initialized.
[23-04-2024 14:38:46] - Application opened.
[23-04-2024 14:38:48] - Square button pressed.
[23-04-2024 14:38:48] - Calculator (Square): Reset.
[23-04-2024 14:38:49] - Square calculator opened.
[23-04-2024 14:39:03] - Square calculator closed.
[23-04-2024 14:39:14] - Logger Initialized.
[23-04-2024 14:39:14] - Application opened.
[23-04-2024 14:39:16] - Triangle button pressed.
[23-04-2024 14:39:16] - Calculator (Triangle): Reset.
[23-04-2024 14:39:16] - Triangle calculator opened.
[23-04-2024 14:39:23] - Calculator (Triangle): Completed calculation with base: 2.000000, height: 3.000000, with result: 3.000000.
[23-04-2024 14:39:28] - Triangle calculator closed.
[23-04-2024 14:39:31] - Cube button pressed.
[23-04-2024 14:39:31] - Calculator (Cube): Reset.
[23-04-2024 14:39:31] - Cube calculator opened.
[23-04-2024 14:39:38] - Calculator (Cube): Completed calculation with edge length: 4.000000, with result: 96.000000.
[23-04-2024 14:39:56] - Cylinder calculator closed.
[23-04-2024 14:39:56] - Application closed.
[23-04-2024 14:39:58] - Cone calculator closed.
[23-04-2024 14:39:58] - Cube calculator closed.
[23-04-2024 14:39:58] - Cube calculator closed.
[23-04-2024 14:39:58] - Application closed.
[23-04-2024 14:40:00] - Square calculator closed.
[23-04-2024 14:40:00] - Application closed.
[23-04-2024 14:40:04] - Cube calculator closed.
[23-04-2024 14:40:06] - Square button pressed.
[23-04-2024 14:40:06] - Calculator (Square): Reset.
[23-04-2024 14:40:06] - Square calculator opened.
[23-04-2024 14:40:14] - Square calculator closed.
[23-04-2024 14:41:10] - Logger Initialized.
[23-04-2024 14:41:10] - Application opened.
[23-04-2024 14:41:14] - Triangle calculator closed.
[23-04-2024 14:41:14] - Cube calculator closed.
[23-04-2024 14:41:14] - Square calculator closed.
[23-04-2024 14:41:14] - Application closed.
[23-04-2024 14:41:16] - Square button pressed.
[23-04-2024 14:41:16] - Calculator (Square): Reset.
[23-04-2024 14:41:16] - Square calculator opened.
[23-04-2024 14:41:25] - Square calculator closed.
[23-04-2024 14:41:26] - Square calculator closed.
[23-04-2024 14:41:26] - Application closed.
[23-04-2024 14:42:33] - Logger Initialized.
[23-04-2024 14:42:33] - Application opened.
[23-04-2024 14:42:35] - Square button pressed.
[23-04-2024 14:42:35] - Calculator (Square): Reset.
[23-04-2024 14:42:35] - Square calculator opened.
[23-04-2024 14:42:41] - Square calculator closed.
[23-04-2024 14:43:17] - Logger Initialized.
[23-04-2024 14:43:17] - Application opened.
[23-04-2024 14:43:20] - Cylinder button pressed.
[23-04-2024 14:43:20] - Calculator (Cylinder): Reset.
[23-04-2024 14:43:20] - Cylinder calculator opened.
[23-04-2024 14:43:24] - Cone button pressed.
[23-04-2024 14:43:24] - Calculator (Cone): Reset.
[23-04-2024 14:43:24] - Cone calculator opened.
[23-04-2024 14:43:28] - Rectangle button pressed.
[23-04-2024 14:43:28] - Calculator (Rectangle): Reset.
[23-04-2024 14:43:28] - Rectangle calculator opened.
[23-04-2024 14:43:30] - Square button pressed.
[23-04-2024 14:43:30] - Calculator (Square): Reset.
[23-04-2024 14:43:30] - Square calculator opened.
[23-04-2024 14:43:33] - Rectangle button pressed.
[23-04-2024 14:43:33] - Calculator (Rectangle): Reset.
[23-04-2024 14:43:33] - Rectangle calculator opened.
[23-04-2024 14:43:35] - Rectangle calculator closed.
[23-04-2024 14:43:35] - Square calculator closed.
[23-04-2024 14:43:35] - Rectangle calculator closed.
[23-04-2024 14:43:36] - Cone calculator closed.
[23-04-2024 14:43:36] - Cylinder calculator closed.
[23-04-2024 14:43:39] - Cylinder calculator closed.
[23-04-2024 14:43:39] - Cone calculator closed.
[23-04-2024 14:43:39] - Rectangle calculator closed.
[23-04-2024 14:43:39] - Square calculator closed.
[23-04-2024 14:43:39] - Rectangle calculator closed.
[23-04-2024 14:43:39] - Application closed.
[23-04-2024 14:45:29] - Logger Initialized.
[23-04-2024 14:45:29] - Application opened.
[23-04-2024 14:45:32] - Rectangle button pressed.
[23-04-2024 14:45:32] - Calculator (Rectangle): Reset.
[23-04-2024 14:45:32] - Rectangle calculator opened.
[23-04-2024 14:45:39] - Calculator (Rectangle): Completed calculation with base: 7.000000, height: 3.000000, with result: 21.000000.
[23-04-2024 14:45:41] - Rectangle calculator closed.
[23-04-2024 14:48:56] - Square calculator closed.
[23-04-2024 14:48:56] - Application closed.
[23-04-2024 14:48:58] - Rectangle calculator closed.
[23-04-2024 14:48:58] - Application closed.
[23-04-2024 14:56:25] - Logger Initialized.
[23-04-2024 14:56:25] - Application opened.
[23-04-2024 14:56:28] - Cylinder button pressed.
[23-04-2024 14:56:28] - Calculator (Cylinder): Reset.
[23-04-2024 14:56:29] - Cylinder calculator opened.
[23-04-2024 14:56:41] - Calculator (Cylinder): Completed calculation with radius: 6.000000 and height: 2.000000, with result: 301.592895.
[23-04-2024 14:57:05] - Cylinder calculator closed.
[23-04-2024 14:58:52] - Cylinder calculator closed.
[23-04-2024 14:58:52] - Application closed.
[23-04-2024 15:07:40] - Logger Initialized.
[23-04-2024 15:07:40] - Application opened.
[23-04-2024 15:07:42] - Cylinder button pressed.
[23-04-2024 15:07:42] - Calculator (Cylinder): Reset.
[23-04-2024 15:07:42] - Cylinder calculator opened.
[23-04-2024 15:07:50] - Calculator (Cylinder): Completed calculation with radius: 6.000000 and height: 5.000000, with result: 414.690230.
[23-04-2024 15:08:03] - Cylinder calculator closed.
[23-04-2024 15:08:06] - Cylinder calculator closed.
[23-04-2024 15:08:06] - Application closed.
[23-04-2024 15:08:29] - Logger Initialized.
[23-04-2024 15:08:29] - Application opened.
[23-04-2024 15:08:31] - Cone button pressed.
[23-04-2024 15:08:31] - Calculator (Cone): Reset.
[23-04-2024 15:08:32] - Cone calculator opened.
[23-04-2024 15:08:39] - Calculator (Cone): Completed calculation with radius: 20.000000 and slant height: 10.000000, with result: 1884.955592.
[23-04-2024 15:08:46] - Cone calculator closed.
[23-04-2024 15:08:50] - Cone calculator closed.
[23-04-2024 15:08:50] - Application closed.
[23-04-2024 15:18:50] - Logger Initialized.
[23-04-2024 15:18:50] - Application opened.
[23-04-2024 15:20:03] - Application closed.
[23-04-2024 15:23:43] - Logger Initialized.
[23-04-2024 15:23:43] - Application opened.
[23-04-2024 15:23:46] - Trapezoid button pressed.
[23-04-2024 15:23:46] - Calculator (Trapezoid): Reset.
[23-04-2024 15:23:46] - Trapezoid calculator opened.
[23-04-2024 15:23:51] - Trapezoid calculator closed.
[23-04-2024 15:23:52] - Hemisphere button pressed.
[23-04-2024 15:23:52] - Calculator (Hemisphere): Reset.
[23-04-2024 15:23:52] - Hemisphere calculator opened.
[23-04-2024 15:23:58] - Hemisphere calculator closed.
[23-04-2024 15:23:59] - Cube button pressed.
[23-04-2024 15:23:59] - Calculator (Cube): Reset.
[23-04-2024 15:23:59] - Cube calculator opened.
[23-04-2024 15:24:00] - Cube calculator closed.
[23-04-2024 15:24:02] - Circle button pressed.
[23-04-2024 15:24:02] - Calculator (Circle): Reset.
[23-04-2024 15:24:02] - Circle calculator opened.
[23-04-2024 15:24:04] - Circle calculator closed.
[23-04-2024 15:24:05] - Trapezoid calculator closed.
[23-04-2024 15:24:05] - Hemisphere calculator closed.
[23-04-2024 15:24:05] - Cube calculator closed.
[23-04-2024 15:24:05] - Circle calculator closed.
[23-04-2024 15:24:05] - Application closed.
[23-04-2024 15:28:38] - Logger Initialized.
[23-04-2024 15:28:38] - Application opened.
[23-04-2024 15:28:47] - Sphere button pressed.
[23-04-2024 15:28:47] - Calculator (Sphere): Reset.
[23-04-2024 15:28:47] - Sphere calculator opened.
[23-04-2024 15:28:52] - Sphere calculator closed.
[23-04-2024 15:28:53] - Sphere calculator closed.
[23-04-2024 15:28:53] - Application closed.
[23-04-2024 15:30:59] - Logger Initialized.
[23-04-2024 15:30:59] - Application opened.
[23-04-2024 15:35:03] - Hemisphere button pressed.
[23-04-2024 15:35:03] - Calculator (Hemisphere): Reset.
[23-04-2024 15:35:03] - Hemisphere calculator opened.
[23-04-2024 15:35:08] - Hemisphere calculator closed.
[23-04-2024 15:35:36] - Sphere button pressed.
[23-04-2024 15:35:36] - Calculator (Sphere): Reset.
[23-04-2024 15:35:37] - Sphere calculator opened.
[23-04-2024 15:35:45] - Sphere calculator closed.
[23-04-2024 15:36:17] - Logger Initialized.
[23-04-2024 15:36:17] - Application opened.
[23-04-2024 15:36:20] - Hemisphere calculator closed.
[23-04-2024 15:36:20] - Sphere calculator closed.
[23-04-2024 15:36:20] - Application closed.
[23-04-2024 15:36:21] - Hemisphere button pressed.
[23-04-2024 15:36:21] - Calculator (Hemisphere): Reset.
[23-04-2024 15:36:21] - Hemisphere calculator opened.
[23-04-2024 15:36:23] - Sphere button pressed.
[23-04-2024 15:36:23] - Calculator (Sphere): Reset.
[23-04-2024 15:36:23] - Sphere calculator opened.
[23-04-2024 15:36:25] - Sphere calculator closed.
[23-04-2024 15:36:25] - Hemisphere calculator closed.
[23-04-2024 15:36:27] - Cone button pressed.
[23-04-2024 15:36:27] - Calculator (Cone): Reset.
[23-04-2024 15:36:27] - Cone calculator opened.
[23-04-2024 15:36:28] - Cylinder button pressed.
[23-04-2024 15:36:28] - Calculator (Cylinder): Reset.
[23-04-2024 15:36:28] - Cylinder calculator opened.
[23-04-2024 15:36:30] - Rectangular Prism button pressed.
[23-04-2024 15:36:30] - Calculator (Rectangular Prism): Reset.
[23-04-2024 15:36:30] - Rectangular Prism calculator opened.
[23-04-2024 15:36:32] - Cube button pressed.
[23-04-2024 15:36:32] - Calculator (Cube): Reset.
[23-04-2024 15:36:32] - Cube calculator opened.
[23-04-2024 15:36:33] - Trapezoid button pressed.
[23-04-2024 15:36:33] - Calculator (Trapezoid): Reset.
[23-04-2024 15:36:33] - Trapezoid calculator opened.
[23-04-2024 15:36:35] - Trapezoid calculator closed.
[23-04-2024 15:36:36] - Cube calculator closed.
[23-04-2024 15:36:36] - Rectangular Prism calculator closed.
[23-04-2024 15:36:37] - Cylinder calculator closed.
[23-04-2024 15:36:38] - Cone calculator closed.
[23-04-2024 15:36:41] - Circle button pressed.
[23-04-2024 15:36:41] - Calculator (Circle): Reset.
[23-04-2024 15:36:41] - Circle calculator opened.
[23-04-2024 15:36:48] - Circle calculator closed.
[23-04-2024 15:36:51] - Trapezoid button pressed.
[23-04-2024 15:36:51] - Calculator (Trapezoid): Reset.
[23-04-2024 15:36:51] - Trapezoid calculator opened.
[23-04-2024 15:36:56] - Parallelogram button pressed.
[23-04-2024 15:36:56] - Calculator (Parallelogram): Reset.
[23-04-2024 15:36:57] - Parallelogram calculator opened.
[23-04-2024 15:36:59] - Rectangle button pressed.
[23-04-2024 15:36:59] - Calculator (Rectangle): Reset.
[23-04-2024 15:36:59] - Rectangle calculator opened.
[23-04-2024 15:37:01] - Square button pressed.
[23-04-2024 15:37:01] - Calculator (Square): Reset.
[23-04-2024 15:37:01] - Square calculator opened.
[23-04-2024 15:37:03] - Triangle button pressed.
[23-04-2024 15:37:03] - Calculator (Triangle): Reset.
[23-04-2024 15:37:03] - Triangle calculator opened.
[23-04-2024 15:37:04] - Circle button pressed.
[23-04-2024 15:37:04] - Calculator (Circle): Reset.
[23-04-2024 15:37:04] - Circle calculator opened.
[23-04-2024 15:37:06] - Circle calculator closed.
[23-04-2024 15:37:06] - Triangle calculator closed.
[23-04-2024 15:37:06] - Square calculator closed.
[23-04-2024 15:37:07] - Rectangle calculator closed.
[23-04-2024 15:37:07] - Parallelogram calculator closed.
[23-04-2024 15:37:08] - Trapezoid calculator closed.
[23-04-2024 15:37:10] - Parallelogram button pressed.
[23-04-2024 15:37:10] - Calculator (Parallelogram): Reset.
[23-04-2024 15:37:10] - Parallelogram calculator opened.
[23-04-2024 15:37:14] - Parallelogram calculator closed.
[23-04-2024 15:39:20] - Logger Initialized.
[23-04-2024 15:39:20] - Application opened.
[23-04-2024 15:39:20] - Logger Initialized.
[23-04-2024 15:39:20] - Application opened.
[23-04-2024 15:39:22] - Application closed.
[23-04-2024 15:39:25] - Hemisphere calculator closed.
[23-04-2024 15:39:25] - Circle calculator closed.
[23-04-2024 15:39:25] - Trapezoid calculator closed.
[23-04-2024 15:39:25] - Parallelogram calculator closed.
[23-04-2024 15:39:25] - Rectangle calculator closed.
[23-04-2024 15:39:25] - Square calculator closed.
[23-04-2024 15:39:25] - Triangle calculator closed.
[23-04-2024 15:39:25] - Circle calculator closed.
[23-04-2024 15:39:25] - Parallelogram calculator closed.
[23-04-2024 15:39:25] - Application closed.
[23-04-2024 15:39:26] - Application closed.
[23-04-2024 15:39:28] - Logger Initialized.
[23-04-2024 15:39:28] - Application opened.
[23-04-2024 15:39:31] - Square button pressed.
[23-04-2024 15:39:31] - Calculator (Square): Reset.
[23-04-2024 15:39:31] - Square calculator opened.
[23-04-2024 15:39:37] - Square calculator closed.
[23-04-2024 15:39:38] - Rectangle button pressed.
[23-04-2024 15:39:38] - Calculator (Rectangle): Reset.
[23-04-2024 15:39:38] - Rectangle calculator opened.
[23-04-2024 15:39:48] - Calculator (Rectangle): Completed calculation with base: 1.000000, height: 2.000000, with result: 2.000000.
[23-04-2024 15:39:51] - Rectangle calculator closed.
[23-04-2024 15:39:54] - Parallelogram button pressed.
[23-04-2024 15:39:54] - Calculator (Parallelogram): Reset.
[23-04-2024 15:39:54] - Parallelogram calculator opened.
[23-04-2024 15:39:59] - Calculator (Parallelogram): Completed calculation with base: 1.000 and height: 2.000, with result: 2.000.
[23-04-2024 15:40:00] - Parallelogram calculator closed.
[23-04-2024 15:40:01] - Trapezoid button pressed.
[23-04-2024 15:40:01] - Calculator (Trapezoid): Reset.
[23-04-2024 15:40:01] - Trapezoid calculator opened.
[23-04-2024 15:40:10] - Calculator (Trapezoid): Completed calculation with bases: 1.000, 2.000 and height: 3.000, with result: 4.500.
[23-04-2024 15:40:11] - Trapezoid calculator closed.
[23-04-2024 15:40:13] - Cube button pressed.
[23-04-2024 15:40:13] - Calculator (Cube): Reset.
[23-04-2024 15:40:13] - Cube calculator opened.
[23-04-2024 15:40:18] - Calculator (Cube): Completed calculation with edge length: 12.000000, with result: 864.000000.
[23-04-2024 15:40:21] - Cube calculator closed.
[23-04-2024 15:40:22] - Rectangular Prism button pressed.
[23-04-2024 15:40:22] - Calculator (Rectangular Prism): Reset.
[23-04-2024 15:40:22] - Rectangular Prism calculator opened.
[23-04-2024 15:40:30] - Calculator (Rectangular Prism): Completed calculation with length: 1.000000, width: 3.000000, height: 5.000000, with result: 46.000000.
[23-04-2024 15:40:31] - Rectangular Prism calculator closed.
[23-04-2024 15:40:32] - Cylinder button pressed.
[23-04-2024 15:40:32] - Calculator (Cylinder): Reset.
[23-04-2024 15:40:32] - Cylinder calculator opened.
[23-04-2024 15:40:38] - Calculator (Cylinder): Completed calculation with radius: 1.000000 and height: 4.000000, with result: 31.415927.
[23-04-2024 15:40:39] - Cylinder calculator closed.
[23-04-2024 15:40:40] - Cone button pressed.
[23-04-2024 15:40:41] - Calculator (Cone): Reset.
[23-04-2024 15:40:41] - Cone calculator opened.
[23-04-2024 15:40:45] - Calculator (Cone): Completed calculation with radius: 1.000000 and slant height: 45.000000, with result: 144.513262.
[23-04-2024 15:40:47] - Cone calculator closed.
[23-04-2024 15:40:48] - Sphere button pressed.
[23-04-2024 15:40:48] - Calculator (Sphere): Reset.
[23-04-2024 15:40:48] - Sphere calculator opened.
[23-04-2024 15:40:53] - Calculator (Sphere): Completed calculation with radius: 1.000, with result: 12.566.
[23-04-2024 15:40:55] - Sphere calculator closed.
[23-04-2024 15:40:57] - Hemisphere button pressed.
[23-04-2024 15:40:57] - Calculator (Hemisphere): Reset.
[23-04-2024 15:40:57] - Hemisphere calculator opened.
[23-04-2024 15:41:01] - Calculator (Hemisphere): Completed calculation with radius: 2.000, with result: 37.699.
[23-04-2024 15:41:03] - Hemisphere calculator closed.
[23-04-2024 15:41:04] - Cone button pressed.
[23-04-2024 15:41:04] - Calculator (Cone): Reset.
[23-04-2024 15:41:04] - Cone calculator opened.
[23-04-2024 15:41:10] - Calculator (Cone): Completed calculation with radius: 1.000000 and slant height: 5.000000, with result: 18.849556.
[23-04-2024 15:41:12] - Cone calculator closed.
[23-04-2024 15:41:13] - Square calculator closed.
[23-04-2024 15:41:13] - Cube calculator closed.
[23-04-2024 15:41:13] - Rectangular Prism calculator closed.
[23-04-2024 15:41:13] - Cylinder calculator closed.
[23-04-2024 15:41:13] - Cone calculator closed.
[23-04-2024 15:41:13] - Sphere calculator closed.
[23-04-2024 15:41:13] - Hemisphere calculator closed.
[23-04-2024 15:41:13] - Cone calculator closed.
[23-04-2024 15:41:13] - Application closed.
[23-04-2024 20:12:15] - Logger Initialized.
[23-04-2024 20:12:15] - Application opened.
[23-04-2024 20:12:18] - Cylinder button pressed.
[23-04-2024 20:12:18] - Calculator (Cylinder): Reset.
[23-04-2024 20:12:18] - Cylinder calculator opened.
[23-04-2024 20:12:27] - Cylinder calculator closed.
[23-04-2024 20:12:28] - Cone button pressed.
[23-04-2024 20:12:28] - Calculator (Cone): Reset.
[23-04-2024 20:12:28] - Cone calculator opened.
[23-04-2024 20:12:33] - Cone calculator closed.
[23-04-2024 20:12:34] - Sphere button pressed.
[23-04-2024 20:12:34] - Calculator (Sphere): Reset.
[23-04-2024 20:12:34] - Sphere calculator opened.
[23-04-2024 20:12:38] - Sphere calculator closed.
[23-04-2024 20:12:38] - Hemisphere button pressed.
[23-04-2024 20:12:38] - Calculator (Hemisphere): Reset.
[23-04-2024 20:12:39] - Hemisphere calculator opened.
[23-04-2024 20:12:40] - Hemisphere calculator closed.
[23-04-2024 20:12:41] - Triangle button pressed.
[23-04-2024 20:12:41] - Calculator (Triangle): Reset.
[23-04-2024 20:12:41] - Triangle calculator opened.
[23-04-2024 20:12:42] - Triangle calculator closed.
[23-04-2024 20:12:44] - Square button pressed.
[23-04-2024 20:12:44] - Calculator (Square): Reset.
[23-04-2024 20:12:44] - Square calculator opened.
[23-04-2024 20:13:22] - Calculator (Square): Reset.
[23-04-2024 20:13:23] - Square calculator closed.
[23-04-2024 20:13:24] - Triangle button pressed.
[23-04-2024 20:13:24] - Calculator (Triangle): Reset.
[23-04-2024 20:13:24] - Triangle calculator opened.
[23-04-2024 20:13:26] - Triangle calculator closed.
[23-04-2024 20:13:27] - Rectangle button pressed.
[23-04-2024 20:13:27] - Calculator (Rectangle): Reset.
[23-04-2024 20:13:27] - Rectangle calculator opened.
[23-04-2024 20:13:34] - Calculator (Rectangle): Completed calculation with base: 12.000000, height: 15.500000, with result: 186.000000.
[23-04-2024 20:13:37] - Calculator (Rectangle): Reset.
[23-04-2024 20:13:39] - Rectangle calculator closed.
[23-04-2024 20:13:39] - Parallelogram button pressed.
[23-04-2024 20:13:39] - Calculator (Parallelogram): Reset.
[23-04-2024 20:13:39] - Parallelogram calculator opened.
[23-04-2024 20:13:48] - Calculator (Parallelogram): Completed calculation with base: 153.000 and height: 12.400, with result: 1897.200.
[23-04-2024 20:13:52] - Calculator (Parallelogram): Reset.
[23-04-2024 20:13:53] - Parallelogram calculator closed.
[23-04-2024 20:13:54] - Trapezoid button pressed.
[23-04-2024 20:13:54] - Calculator (Trapezoid): Reset.
[23-04-2024 20:13:54] - Trapezoid calculator opened.
[23-04-2024 20:14:07] - Calculator (Trapezoid): Completed calculation with bases: 12.000, 14.000 and height: 5.200, with result: 67.600.
[23-04-2024 20:14:14] - Calculator (Trapezoid): Reset.
[23-04-2024 20:14:16] - Trapezoid calculator closed.
[23-04-2024 20:14:17] - Cube button pressed.
[23-04-2024 20:14:17] - Calculator (Cube): Reset.
[23-04-2024 20:14:17] - Cube calculator opened.
[23-04-2024 20:14:25] - Calculator (Cube): Completed calculation with edge length: 7.200000, with result: 311.040000.
[23-04-2024 20:14:27] - Cube calculator closed.
[23-04-2024 20:14:28] - Rectangular Prism button pressed.
[23-04-2024 20:14:28] - Calculator (Rectangular Prism): Reset.
[23-04-2024 20:14:29] - Rectangular Prism calculator opened.
[23-04-2024 20:14:36] - Rectangular Prism calculator closed.
[23-04-2024 20:14:37] - Cylinder button pressed.
[23-04-2024 20:14:37] - Calculator (Cylinder): Reset.
[23-04-2024 20:14:37] - Cylinder calculator opened.
[23-04-2024 20:15:28] - Calculator (Cylinder): Completed calculation with radius: 0.000000 and height: 0.000000, with result: 0.000000.
[23-04-2024 20:15:33] - Cylinder calculator closed.
[23-04-2024 20:15:34] - Triangle calculator closed.
[23-04-2024 20:15:34] - Rectangle calculator closed.
[23-04-2024 20:15:34] - Parallelogram calculator closed.
[23-04-2024 20:15:34] - Trapezoid calculator closed.
[23-04-2024 20:15:34] - Cube calculator closed.
[23-04-2024 20:15:34] - Rectangular Prism calculator closed.
[23-04-2024 20:15:34] - Cylinder calculator closed.
[23-04-2024 20:15:34] - Application closed.
[23-04-2024 20:15:37] - Logger Initialized.
[23-04-2024 20:15:37] - Application opened.
[23-04-2024 20:15:38] - Cone button pressed.
[23-04-2024 20:15:38] - Calculator (Cone): Reset.
[23-04-2024 20:15:39] - Cone calculator opened.
[23-04-2024 20:15:41] - Calculator (Cone): Completed calculation with radius: 0.000000 and slant height: 0.000000, with result: 0.000000.
[23-04-2024 20:15:43] - Cone calculator closed.
[23-04-2024 20:15:45] - Sphere button pressed.
[23-04-2024 20:15:45] - Calculator (Sphere): Reset.
[23-04-2024 20:15:46] - Sphere calculator opened.
[23-04-2024 20:15:48] - Calculator (Sphere): Completed calculation with radius: 0.000, with result: 0.000.
[23-04-2024 20:17:14] - Logger Initialized.
[23-04-2024 20:17:14] - Application opened.
[23-04-2024 20:17:23] - Square button pressed.
[23-04-2024 20:17:23] - Calculator (Square): Reset.
[23-04-2024 20:17:23] - Square calculator opened.
[23-04-2024 20:17:24] - Calculator (Square): Completed calculation with base: 0.000000, with result: 0.000000.
[23-04-2024 20:17:25] - Square calculator closed.
[23-04-2024 20:17:26] - Square calculator closed.
[23-04-2024 20:17:26] - Application closed.
[23-04-2024 20:18:03] - Logger Initialized.
[23-04-2024 20:18:03] - Application opened.
[23-04-2024 20:18:05] - Hemisphere button pressed.
[23-04-2024 20:18:05] - Calculator (Hemisphere): Reset.
[23-04-2024 20:18:05] - Hemisphere calculator opened.
[23-04-2024 20:18:10] - Calculator (Hemisphere): Completed calculation with radius: 0.000, with result: 0.000.
[23-04-2024 20:18:22] - Hemisphere calculator closed.
[23-04-2024 20:18:22] - Application closed.
[23-04-2024 20:18:24] - Logger Initialized.
[23-04-2024 20:18:24] - Application opened.
[23-04-2024 20:18:26] - Hemisphere button pressed.
[23-04-2024 20:18:26] - Calculator (Hemisphere): Reset.
[23-04-2024 20:18:26] - Hemisphere calculator opened.
[23-04-2024 20:18:28] - Calculator (Hemisphere): Completed calculation with radius: 0.000, with result: 0.000.
[23-04-2024 20:18:30] - Hemisphere calculator closed.
[23-04-2024 20:18:31] - Sphere button pressed.
[23-04-2024 20:18:31] - Calculator (Sphere): Reset.
[23-04-2024 20:18:31] - Sphere calculator opened.
[23-04-2024 20:18:32] - Calculator (Sphere): Completed calculation with radius: 0.000, with result: 0.000.
[23-04-2024 20:18:43] - Logger Initialized.
[23-04-2024 20:18:43] - Application opened.
[23-04-2024 20:18:47] - Hemisphere button pressed.
[23-04-2024 20:18:47] - Calculator (Hemisphere): Reset.
[23-04-2024 20:18:47] - Hemisphere calculator opened.
[23-04-2024 20:18:48] - Calculator (Hemisphere): Completed calculation with radius: 0.000, with result: 0.000.
[23-04-2024 20:18:57] - Hemisphere calculator closed.
[23-04-2024 20:18:58] - Sphere button pressed.
[23-04-2024 20:18:58] - Calculator (Sphere): Reset.
[23-04-2024 20:18:58] - Sphere calculator opened.
[23-04-2024 20:19:00] - Sphere calculator closed.
[23-04-2024 20:19:01] - Cone button pressed.
[23-04-2024 20:19:01] - Calculator (Cone): Reset.
[23-04-2024 20:19:01] - Cone calculator opened.
[23-04-2024 20:19:02] - Calculator (Cone): Completed calculation with radius: 0.000000 and slant height: 0.000000, with result: 0.000000.
[23-04-2024 20:19:04] - Cone calculator closed.
[23-04-2024 20:19:05] - Cone button pressed.
[23-04-2024 20:19:05] - Calculator (Cone): Reset.
[23-04-2024 20:19:05] - Cone calculator opened.
[23-04-2024 20:19:17] - Calculator (Cone): Reset.
[23-04-2024 20:19:18] - Calculator (Cone): Reset.
[23-04-2024 20:19:18] - Calculator (Cone): Completed calculation with radius: 0.000000 and slant height: 0.000000, with result: 0.000000.
[23-04-2024 20:19:21] - Calculator (Cone): Reset.
[23-04-2024 20:19:22] - Cone calculator closed.
[23-04-2024 20:19:22] - Cylinder button pressed.
[23-04-2024 20:19:22] - Calculator (Cylinder): Reset.
[23-04-2024 20:19:22] - Cylinder calculator opened.
[23-04-2024 20:19:24] - Cylinder calculator closed.
[23-04-2024 20:19:24] - Rectangular Prism button pressed.
[23-04-2024 20:19:24] - Calculator (Rectangular Prism): Reset.
[23-04-2024 20:19:24] - Rectangular Prism calculator opened.
[23-04-2024 20:19:26] - Rectangular Prism calculator closed.
[23-04-2024 20:19:27] - Cube button pressed.
[23-04-2024 20:19:27] - Calculator (Cube): Reset.
[23-04-2024 20:19:27] - Cube calculator opened.
[23-04-2024 20:19:28] - Cube calculator closed.
[23-04-2024 20:19:28] - Trapezoid button pressed.
[23-04-2024 20:19:28] - Calculator (Trapezoid): Reset.
[23-04-2024 20:19:28] - Trapezoid calculator opened.
[23-04-2024 20:19:30] - Trapezoid calculator closed.
[23-04-2024 20:19:31] - Parallelogram button pressed.
[23-04-2024 20:19:31] - Calculator (Parallelogram): Reset.
[23-04-2024 20:19:31] - Parallelogram calculator opened.
[23-04-2024 20:19:32] - Parallelogram calculator closed.
[23-04-2024 20:19:33] - Rectangle button pressed.
[23-04-2024 20:19:33] - Calculator (Rectangle): Reset.
[23-04-2024 20:19:33] - Rectangle calculator opened.
[23-04-2024 20:19:34] - Rectangle calculator closed.
[23-04-2024 20:19:36] - Square button pressed.
[23-04-2024 20:19:36] - Calculator (Square): Reset.
[23-04-2024 20:19:36] - Square calculator opened.
[23-04-2024 20:19:37] - Square calculator closed.
[23-04-2024 20:19:38] - Triangle button pressed.
[23-04-2024 20:19:38] - Calculator (Triangle): Reset.
[23-04-2024 20:19:38] - Triangle calculator opened.
[23-04-2024 20:19:39] - Triangle calculator closed.
[23-04-2024 20:19:40] - Circle button pressed.
[23-04-2024 20:19:40] - Calculator (Circle): Reset.
[23-04-2024 20:19:40] - Circle calculator opened.
[23-04-2024 20:19:42] - Circle calculator closed.
[23-04-2024 20:19:44] - Rectangular Prism calculator closed.
[23-04-2024 20:19:44] - Cube calculator closed.
[23-04-2024 20:19:44] - Trapezoid calculator closed.
[23-04-2024 20:19:44] - Parallelogram calculator closed.
[23-04-2024 20:19:44] - Rectangle calculator closed.
[23-04-2024 20:19:44] - Square calculator closed.
[23-04-2024 20:19:44] - Triangle calculator closed.
[23-04-2024 20:19:44] - Circle calculator closed.
[23-04-2024 20:19:44] - Application closed.
[23-04-2024 20:21:25] - Logger Initialized.
[23-04-2024 20:21:25] - Application opened.
[23-04-2024 20:21:27] - Square button pressed.
[23-04-2024 20:21:27] - Calculator (Square): Reset.
[23-04-2024 20:21:27] - Square calculator opened.
[23-04-2024 20:21:28] - Error: Format specifier '%.3f'
[23-04-2024 20:21:33] - Square calculator closed.
[23-04-2024 20:21:34] - Square calculator closed.
[23-04-2024 20:21:34] - Application closed.
[23-04-2024 20:22:06] - Hemisphere calculator closed.
[23-04-2024 20:22:06] - Sphere calculator closed.
[23-04-2024 20:22:06] - Application closed.
[23-04-2024 20:22:09] - Cone calculator closed.
[23-04-2024 20:22:09] - Sphere calculator closed.
[23-04-2024 20:22:09] - Application closed.
[23-04-2024 20:22:22] - Logger Initialized.
[23-04-2024 20:22:22] - Application opened.
[23-04-2024 20:22:23] - Square button pressed.
[23-04-2024 20:22:23] - Calculator (Square): Reset.
[23-04-2024 20:22:23] - Square calculator opened.
[23-04-2024 20:22:24] - Error: Format specifier '%.3f'
[23-04-2024 20:22:26] - Square calculator closed.
[23-04-2024 20:22:26] - Square calculator closed.
[23-04-2024 20:22:27] - Application closed.
[23-04-2024 20:22:54] - Logger Initialized.
[23-04-2024 20:22:54] - Application opened.
[23-04-2024 20:22:56] - Circle button pressed.
[23-04-2024 20:22:56] - Calculator (Circle): Reset.
[23-04-2024 20:22:56] - Circle calculator opened.
[23-04-2024 20:22:58] - Calculator (Circle): Completed calculation with radius: 0.000000, with result: 0.000000.
[23-04-2024 20:22:59] - Circle calculator closed.
[23-04-2024 20:23:00] - Triangle button pressed.
[23-04-2024 20:23:00] - Calculator (Triangle): Reset.
[23-04-2024 20:23:00] - Triangle calculator opened.
[23-04-2024 20:23:01] - Calculator (Triangle): Completed calculation with base: 0.000000, height: 0.000000, with result: 0.000000.
[23-04-2024 20:23:03] - Triangle calculator closed.
[23-04-2024 20:23:05] - Square button pressed.
[23-04-2024 20:23:05] - Calculator (Square): Reset.
[23-04-2024 20:23:05] - Square calculator opened.
[23-04-2024 20:23:06] - Calculator (Square): Completed calculation with base: 0.000000, with result: 0.000000.
[23-04-2024 20:23:07] - Square calculator closed.
[23-04-2024 20:23:08] - Rectangle button pressed.
[23-04-2024 20:23:08] - Calculator (Rectangle): Reset.
[23-04-2024 20:23:08] - Rectangle calculator opened.
[23-04-2024 20:23:09] - Calculator (Rectangle): Completed calculation with base: 0.000000, height: 0.000000, with result: 0.000000.
[23-04-2024 20:23:10] - Rectangle calculator closed.
[23-04-2024 20:23:11] - Parallelogram button pressed.
[23-04-2024 20:23:11] - Calculator (Parallelogram): Reset.
[23-04-2024 20:23:11] - Parallelogram calculator opened.
[23-04-2024 20:23:13] - Calculator (Parallelogram): Completed calculation with base: 0.000 and height: 0.000, with result: 0.000.
[23-04-2024 20:23:14] - Parallelogram calculator closed.
[23-04-2024 20:23:15] - Trapezoid button pressed.
[23-04-2024 20:23:15] - Calculator (Trapezoid): Reset.
[23-04-2024 20:23:15] - Trapezoid calculator opened.
[23-04-2024 20:23:16] - Calculator (Trapezoid): Completed calculation with bases: 0.000, 0.000 and height: 0.000, with result: 0.000.
[23-04-2024 20:23:17] - Trapezoid calculator closed.
[23-04-2024 20:23:18] - Cube button pressed.
[23-04-2024 20:23:18] - Calculator (Cube): Reset.
[23-04-2024 20:23:18] - Cube calculator opened.
[23-04-2024 20:23:19] - Calculator (Cube): Completed calculation with edge length: 0.000000, with result: 0.000000.
[23-04-2024 20:23:20] - Cube calculator closed.
[23-04-2024 20:23:21] - Rectangular Prism button pressed.
[23-04-2024 20:23:21] - Calculator (Rectangular Prism): Reset.
[23-04-2024 20:23:21] - Rectangular Prism calculator opened.
[23-04-2024 20:23:22] - Calculator (Rectangular Prism): Completed calculation with length: 0.000000, width: 0.000000, height: 0.000000, with result: 0.000000.
[23-04-2024 20:23:23] - Rectangular Prism calculator closed.
[23-04-2024 20:23:24] - Cylinder button pressed.
[23-04-2024 20:23:24] - Calculator (Cylinder): Reset.
[23-04-2024 20:23:24] - Cylinder calculator opened.
[23-04-2024 20:23:25] - Calculator (Cylinder): Completed calculation with radius: 0.000000 and height: 0.000000, with result: 0.000000.
[23-04-2024 20:23:28] - Cylinder calculator closed.
[23-04-2024 20:23:29] - Cone button pressed.
[23-04-2024 20:23:29] - Calculator (Cone): Reset.
[23-04-2024 20:23:30] - Cone calculator opened.
[23-04-2024 20:23:46] - Cone calculator closed.
[23-04-2024 20:23:47] - Sphere button pressed.
[23-04-2024 20:23:47] - Calculator (Sphere): Reset.
[23-04-2024 20:23:47] - Sphere calculator opened.
[23-04-2024 20:23:48] - Calculator (Sphere): Completed calculation with radius: 0.000, with result: 0.000.
[23-04-2024 20:23:49] - Sphere calculator closed.
[23-04-2024 20:23:50] - Cone button pressed.
[23-04-2024 20:23:50] - Calculator (Cone): Reset.
[23-04-2024 20:23:50] - Cone calculator opened.
[23-04-2024 20:23:51] - Calculator (Cone): Completed calculation with radius: 0.000000 and slant height: 0.000000, with result: 0.000000.
[23-04-2024 20:23:52] - Cone calculator closed.
[23-04-2024 20:23:53] - Hemisphere button pressed.
[23-04-2024 20:23:53] - Calculator (Hemisphere): Reset.
[23-04-2024 20:23:53] - Hemisphere calculator opened.
[23-04-2024 20:23:55] - Calculator (Hemisphere): Completed calculation with radius: 0.000, with result: 0.000.
[23-04-2024 20:23:56] - Hemisphere calculator closed.
[23-04-2024 20:23:56] - Trapezoid calculator closed.
[23-04-2024 20:23:56] - Cube calculator closed.
[23-04-2024 20:23:56] - Rectangular Prism calculator closed.
[23-04-2024 20:23:56] - Cylinder calculator closed.
[23-04-2024 20:23:56] - Cone calculator closed.
[23-04-2024 20:23:56] - Sphere calculator closed.
[23-04-2024 20:23:56] - Cone calculator closed.
[23-04-2024 20:23:56] - Hemisphere calculator closed.
[23-04-2024 20:23:56] - Application closed.
[23-04-2024 20:24:00] - Logger Initialized.
[23-04-2024 20:24:00] - Application opened.
[23-04-2024 20:24:02] - Cone button pressed.
[23-04-2024 20:24:02] - Calculator (Cone): Reset.
[23-04-2024 20:24:02] - Cone calculator opened.
[23-04-2024 20:24:03] - Calculator (Cone): Completed calculation with radius: 0.000000 and slant height: 0.000000, with result: 0.000000.
[23-04-2024 20:24:04] - Cone calculator closed.
[23-04-2024 20:24:05] - Cone calculator closed.
[23-04-2024 20:24:05] - Application closed.
[23-04-2024 20:25:50] - Logger Initialized.
[23-04-2024 20:25:50] - Application opened.
[23-04-2024 20:25:51] - Circle button pressed.
[23-04-2024 20:25:51] - Calculator (Circle): Reset.
[23-04-2024 20:25:52] - Circle calculator opened.
[23-04-2024 20:25:53] - Calculator (Circle): Completed calculation with radius: 0.000000, with result: 0.000000.
[23-04-2024 20:25:54] - Calculator (Circle): Reset.
[23-04-2024 20:25:55] - Circle calculator closed.
[23-04-2024 20:25:56] - Circle calculator closed.
[23-04-2024 20:25:56] - Application closed.
[23-04-2024 20:27:49] - Logger Initialized.
[23-04-2024 20:27:49] - Application opened.
[23-04-2024 20:27:52] - Hemisphere button pressed.
[23-04-2024 20:27:52] - Calculator (Hemisphere): Reset.
[23-04-2024 20:27:52] - Hemisphere calculator opened.
[23-04-2024 20:27:54] - Hemisphere calculator closed.
[23-04-2024 20:27:56] - Sphere button pressed.
[23-04-2024 20:27:56] - Calculator (Sphere): Reset.
[23-04-2024 20:27:56] - Sphere calculator opened.
[23-04-2024 20:27:57] - Cone button pressed.
[23-04-2024 20:27:57] - Calculator (Cone): Reset.
[23-04-2024 20:27:57] - Cone calculator opened.
[23-04-2024 20:28:05] - Cylinder button pressed.
[23-04-2024 20:28:05] - Calculator (Cylinder): Reset.
[23-04-2024 20:28:06] - Cylinder calculator opened.
[23-04-2024 20:28:07] - Rectangular Prism button pressed.
[23-04-2024 20:28:07] - Calculator (Rectangular Prism): Reset.
[23-04-2024 20:28:07] - Rectangular Prism calculator opened.
[23-04-2024 20:28:08] - Cube button pressed.
[23-04-2024 20:28:08] - Calculator (Cube): Reset.
[23-04-2024 20:28:08] - Cube calculator opened.
[23-04-2024 20:28:09] - Trapezoid button pressed.
[23-04-2024 20:28:09] - Calculator (Trapezoid): Reset.
[23-04-2024 20:28:10] - Trapezoid calculator opened.
[23-04-2024 20:28:10] - Parallelogram button pressed.
[23-04-2024 20:28:10] - Calculator (Parallelogram): Reset.
[23-04-2024 20:28:10] - Parallelogram calculator opened.
[23-04-2024 20:28:11] - Rectangle button pressed.
[23-04-2024 20:28:11] - Calculator (Rectangle): Reset.
[23-04-2024 20:28:11] - Rectangle calculator opened.
[23-04-2024 20:28:13] - Trapezoid button pressed.
[23-04-2024 20:28:13] - Calculator (Trapezoid): Reset.
[23-04-2024 20:28:13] - Trapezoid calculator opened.
[23-04-2024 20:28:23] - Hemisphere calculator closed.
[23-04-2024 20:28:23] - Sphere calculator closed.
[23-04-2024 20:28:23] - Cone calculator closed.
[23-04-2024 20:28:23] - Cylinder calculator closed.
[23-04-2024 20:28:23] - Rectangular Prism calculator closed.
[23-04-2024 20:28:23] - Cube calculator closed.
[23-04-2024 20:28:23] - Trapezoid calculator closed.
[23-04-2024 20:28:23] - Parallelogram calculator closed.
[23-04-2024 20:28:23] - Rectangle calculator closed.
[23-04-2024 20:28:23] - Trapezoid calculator closed.
[23-04-2024 20:28:23] - Application closed.
[24-04-2024 11:00:11] - Logger Initialized.
[24-04-2024 11:00:11] - Application opened.
[24-04-2024 11:00:18] - Circle button pressed.
[24-04-2024 11:00:19] - Calculator (Circle): Reset.
[24-04-2024 11:00:19] - Circle calculator opened.
[24-04-2024 11:00:24] - Calculator (Circle): Completed calculation with radius: 0.000000, with result: 0.000000.
[24-04-2024 11:00:28] - Calculator (Circle): Reset.
[24-04-2024 11:00:35] - Calculator (Circle): Completed calculation with radius: 9.000000, with result: 254.469005.
[24-04-2024 11:00:37] - Calculator (Circle): Reset.
[24-04-2024 11:00:40] - Circle calculator closed.
[24-04-2024 11:00:50] - Cube button pressed.
[24-04-2024 11:00:50] - Calculator (Cube): Reset.
[24-04-2024 11:00:50] - Cube calculator opened.
[24-04-2024 11:01:01] - Error: For input string: "p"
[25-04-2024 15:24:11] - Logger Initialized.
[25-04-2024 15:24:11] - Application opened.
[25-04-2024 15:24:24] - Circle button pressed.
[25-04-2024 15:24:24] - Calculator (Circle): Reset.
[25-04-2024 15:24:24] - Circle calculator opened.
[25-04-2024 15:24:25] - Calculator (Circle): Completed calculation with radius: 0.000000, with result: 0.000000.
[25-04-2024 15:24:29] - Calculator (Circle): Completed calculation with radius: 12.000000, with result: 452.389342.
[25-04-2024 15:24:31] - Calculator (Circle): Reset.
[25-04-2024 15:24:32] - Circle calculator closed.
[25-04-2024 15:24:33] - Triangle button pressed.
[25-04-2024 15:24:33] - Calculator (Triangle): Reset.
[25-04-2024 15:24:33] - Triangle calculator opened.
[25-04-2024 15:24:34] - Calculator (Triangle): Completed calculation with base: 0.000000, height: 0.000000, with result: 0.000000.
[25-04-2024 15:24:40] - Calculator (Triangle): Completed calculation with base: 12.000000, height: 2.100000, with result: 12.600000.
[25-04-2024 15:24:41] - Calculator (Triangle): Reset.
[25-04-2024 15:24:42] - Triangle calculator closed.
[25-04-2024 15:24:43] - Square button pressed.
[25-04-2024 15:24:43] - Calculator (Square): Reset.
[25-04-2024 15:24:43] - Square calculator opened.
[25-04-2024 15:24:47] - Calculator (Square): Completed calculation with base: 10.000000, with result: 100.000000.
[25-04-2024 15:24:49] - Calculator (Square): Reset.
[25-04-2024 15:24:50] - Square calculator closed.
[25-04-2024 15:24:51] - Rectangle button pressed.
[25-04-2024 15:24:51] - Calculator (Rectangle): Reset.
[25-04-2024 15:24:51] - Rectangle calculator opened.
[25-04-2024 15:24:58] - Calculator (Rectangle): Completed calculation with base: 2.300000, height: 4.500000, with result: 10.350000.
[25-04-2024 15:24:59] - Calculator (Rectangle): Reset.
[25-04-2024 15:25:00] - Rectangle calculator closed.
[25-04-2024 15:25:01] - Parallelogram button pressed.
[25-04-2024 15:25:01] - Calculator (Parallelogram): Reset.
[25-04-2024 15:25:01] - Parallelogram calculator opened.
[25-04-2024 15:25:07] - Calculator (Parallelogram): Completed calculation with base: 2.300000 and height: 4.500000, with result: 10.350000.
[25-04-2024 15:25:08] - Calculator (Parallelogram): Reset.
[25-04-2024 15:25:10] - Parallelogram calculator closed.
[25-04-2024 15:25:11] - Trapezoid button pressed.
[25-04-2024 15:25:11] - Calculator (Trapezoid): Reset.
[25-04-2024 15:25:11] - Trapezoid calculator opened.
[25-04-2024 15:25:18] - Calculator (Trapezoid): Completed calculation with bases: 1.200000, 2.300 and height: 3.400000, with result: 5.950000.
[25-04-2024 15:25:19] - Calculator (Trapezoid): Reset.
[25-04-2024 15:25:20] - Trapezoid calculator closed.
[25-04-2024 15:25:21] - Cube button pressed.
[25-04-2024 15:25:21] - Calculator (Cube): Reset.
[25-04-2024 15:25:21] - Cube calculator opened.
[25-04-2024 15:25:24] - Calculator (Cube): Completed calculation with edge length: 2.300000, with result: 31.740000.
[25-04-2024 15:25:25] - Calculator (Cube): Reset.
[25-04-2024 15:25:26] - Cube calculator closed.
[25-04-2024 15:25:27] - Rectangular Prism button pressed.
[25-04-2024 15:25:27] - Calculator (Rectangular Prism): Reset.
[25-04-2024 15:25:27] - Rectangular Prism calculator opened.
[25-04-2024 15:25:35] - Calculator (Rectangular Prism): Completed calculation with length: 1.210000, width: 2.300000, height: 3.400000, with result: 29.434000.
[25-04-2024 15:25:36] - Calculator (Rectangular Prism): Reset.
[25-04-2024 15:25:37] - Rectangular Prism calculator closed.
[25-04-2024 15:25:38] - Cone button pressed.
[25-04-2024 15:25:38] - Calculator (Cone): Reset.
[25-04-2024 15:25:38] - Cone calculator opened.
[25-04-2024 15:25:39] - Cylinder button pressed.
[25-04-2024 15:25:39] - Calculator (Cylinder): Reset.
[25-04-2024 15:25:39] - Cylinder calculator opened.
[25-04-2024 15:25:46] - Calculator (Cylinder): Completed calculation with radius: 1.200000 and height: 2.300000, with result: 26.389378.
[25-04-2024 15:25:47] - Calculator (Cylinder): Reset.
[25-04-2024 15:25:48] - Cylinder calculator closed.
[25-04-2024 15:25:53] - Calculator (Cone): Completed calculation with radius: 1.200000 and slant height: 2.300000, with result: 13.194689.
[25-04-2024 15:25:54] - Calculator (Cone): Reset.
[25-04-2024 15:25:54] - Cone calculator closed.
[25-04-2024 15:25:55] - Cone button pressed.
[25-04-2024 15:25:55] - Calculator (Cone): Reset.
[25-04-2024 15:25:55] - Cone calculator opened.
[25-04-2024 15:26:01] - Calculator (Cone): Completed calculation with radius: 1.200000 and slant height: 2.300000, with result: 13.194689.
[25-04-2024 15:26:02] - Calculator (Cone): Reset.
[25-04-2024 15:26:02] - Cone calculator closed.
[25-04-2024 15:26:04] - Sphere button pressed.
[25-04-2024 15:26:04] - Calculator (Sphere): Reset.
[25-04-2024 15:26:04] - Sphere calculator opened.
[25-04-2024 15:26:07] - Calculator (Sphere): Completed calculation with radius: 1.200000, with result: 18.095574.
[25-04-2024 15:26:08] - Sphere calculator closed.
[25-04-2024 15:26:09] - Hemisphere button pressed.
[25-04-2024 15:26:09] - Calculator (Hemisphere): Reset.
[25-04-2024 15:26:09] - Hemisphere calculator opened.
[25-04-2024 15:26:12] - Calculator (Hemisphere): Completed calculation with radius: 1.200000, with result: 13.571680.
[25-04-2024 15:26:14] - Calculator (Hemisphere): Reset.
[25-04-2024 15:26:15] - Hemisphere calculator closed.
[25-04-2024 15:26:17] - Circle button pressed.
[25-04-2024 15:26:17] - Calculator (Circle): Reset.
[25-04-2024 15:26:17] - Circle calculator opened.
[25-04-2024 15:26:17] - Triangle button pressed.
[25-04-2024 15:26:17] - Calculator (Triangle): Reset.
[25-04-2024 15:26:17] - Triangle calculator opened.
[25-04-2024 15:26:19] - Rectangle calculator closed.
[25-04-2024 15:26:19] - Parallelogram calculator closed.
[25-04-2024 15:26:19] - Trapezoid calculator closed.
[25-04-2024 15:26:19] - Cube calculator closed.
[25-04-2024 15:26:19] - Rectangular Prism calculator closed.
[25-04-2024 15:26:19] - Cone calculator closed.
[25-04-2024 15:26:19] - Cylinder calculator closed.
[25-04-2024 15:26:19] - Cone calculator closed.
[25-04-2024 15:26:19] - Sphere calculator closed.
[25-04-2024 15:26:19] - Hemisphere calculator closed.
[25-04-2024 15:26:19] - Circle calculator closed.
[25-04-2024 15:26:19] - Triangle calculator closed.
[25-04-2024 15:26:19] - Application closed.
